<?xml version="1.0" ?>
<coverage version="7.10.7" timestamp="1764575715137" lines-valid="5827" lines-covered="3877" line-rate="0.6654" branches-covered="0" branches-valid="0" branch-rate="0" complexity="0">
	<!-- Generated by coverage.py: https://coverage.readthedocs.io/en/7.10.7 -->
	<!-- Based on https://raw.githubusercontent.com/cobertura/web/master/htdocs/xml/coverage-04.dtd -->
	<sources>
		<source>/Users/pablo/github/python-binance/binance</source>
	</sources>
	<packages>
		<package name="." line-rate="0.6592" branch-rate="0" complexity="0">
			<classes>
				<class name="__init__.py" filename="__init__.py" complexity="0" line-rate="1" branch-rate="0">
					<methods/>
					<lines>
						<line number="7" hits="1"/>
						<line number="9" hits="1"/>
						<line number="10" hits="1"/>
						<line number="11" hits="1"/>
						<line number="18" hits="1"/>
						<line number="24" hits="1"/>
						<line number="26" hits="1"/>
						<line number="28" hits="1"/>
						<line number="30" hits="1"/>
						<line number="32" hits="1"/>
					</lines>
				</class>
				<class name="async_client.py" filename="async_client.py" complexity="0" line-rate="0.6553" branch-rate="0">
					<methods/>
					<lines>
						<line number="1" hits="1"/>
						<line number="2" hits="1"/>
						<line number="3" hits="1"/>
						<line number="4" hits="1"/>
						<line number="5" hits="1"/>
						<line number="6" hits="1"/>
						<line number="7" hits="1"/>
						<line number="9" hits="1"/>
						<line number="10" hits="1"/>
						<line number="15" hits="1"/>
						<line number="21" hits="1"/>
						<line number="22" hits="1"/>
						<line number="25" hits="1"/>
						<line number="26" hits="1"/>
						<line number="43" hits="1"/>
						<line number="44" hits="1"/>
						<line number="45" hits="1"/>
						<line number="48" hits="1"/>
						<line number="49" hits="1"/>
						<line number="50" hits="1"/>
						<line number="51" hits="0"/>
						<line number="52" hits="0"/>
						<line number="53" hits="0"/>
						<line number="58" hits="1"/>
						<line number="72" hits="1"/>
						<line number="73" hits="1"/>
						<line number="90" hits="1"/>
						<line number="106" hits="1"/>
						<line number="108" hits="1"/>
						<line number="109" hits="1"/>
						<line number="112" hits="1"/>
						<line number="113" hits="1"/>
						<line number="115" hits="1"/>
						<line number="116" hits="1"/>
						<line number="119" hits="1"/>
						<line number="120" hits="1"/>
						<line number="122" hits="1"/>
						<line number="123" hits="1"/>
						<line number="126" hits="1"/>
						<line number="128" hits="1"/>
						<line number="129" hits="1"/>
						<line number="130" hits="1"/>
						<line number="131" hits="1"/>
						<line number="132" hits="1"/>
						<line number="133" hits="1"/>
						<line number="134" hits="1"/>
						<line number="136" hits="1"/>
						<line number="141" hits="1"/>
						<line number="142" hits="1"/>
						<line number="143" hits="1"/>
						<line number="145" hits="1"/>
						<line number="146" hits="1"/>
						<line number="147" hits="1"/>
						<line number="148" hits="1"/>
						<line number="149" hits="1"/>
						<line number="150" hits="1"/>
						<line number="152" hits="1"/>
						<line number="154" hits="1"/>
						<line number="156" hits="1"/>
						<line number="157" hits="1"/>
						<line number="158" hits="1"/>
						<line number="160" hits="1"/>
						<line number="161" hits="1"/>
						<line number="162" hits="1"/>
						<line number="164" hits="1"/>
						<line number="167" hits="0"/>
						<line number="168" hits="0"/>
						<line number="169" hits="0"/>
						<line number="170" hits="0"/>
						<line number="171" hits="0"/>
						<line number="172" hits="0"/>
						<line number="175" hits="1"/>
						<line number="177" hits="1"/>
						<line number="184" hits="1"/>
						<line number="186" hits="1"/>
						<line number="187" hits="1"/>
						<line number="188" hits="1"/>
						<line number="199" hits="1"/>
						<line number="201" hits="1"/>
						<line number="206" hits="1"/>
						<line number="207" hits="1"/>
						<line number="209" hits="1"/>
						<line number="210" hits="1"/>
						<line number="211" hits="1"/>
						<line number="213" hits="1"/>
						<line number="214" hits="1"/>
						<line number="215" hits="1"/>
						<line number="216" hits="1"/>
						<line number="217" hits="1"/>
						<line number="219" hits="1"/>
						<line number="227" hits="1"/>
						<line number="228" hits="1"/>
						<line number="229" hits="1"/>
						<line number="231" hits="1"/>
						<line number="234" hits="1"/>
						<line number="235" hits="1"/>
						<line number="236" hits="1"/>
						<line number="237" hits="1"/>
						<line number="239" hits="1"/>
						<line number="242" hits="0"/>
						<line number="243" hits="0"/>
						<line number="244" hits="0"/>
						<line number="246" hits="1"/>
						<line number="249" hits="1"/>
						<line number="250" hits="1"/>
						<line number="251" hits="1"/>
						<line number="252" hits="1"/>
						<line number="254" hits="1"/>
						<line number="257" hits="0"/>
						<line number="258" hits="0"/>
						<line number="260" hits="0"/>
						<line number="261" hits="0"/>
						<line number="263" hits="1"/>
						<line number="264" hits="1"/>
						<line number="265" hits="1"/>
						<line number="267" hits="1"/>
						<line number="269" hits="1"/>
						<line number="272" hits="1"/>
						<line number="273" hits="1"/>
						<line number="275" hits="1"/>
						<line number="276" hits="1"/>
						<line number="278" hits="1"/>
						<line number="281" hits="1"/>
						<line number="282" hits="1"/>
						<line number="284" hits="1"/>
						<line number="285" hits="1"/>
						<line number="287" hits="1"/>
						<line number="288" hits="0"/>
						<line number="289" hits="0"/>
						<line number="291" hits="1"/>
						<line number="294" hits="1"/>
						<line number="296" hits="1"/>
						<line number="299" hits="1"/>
						<line number="301" hits="1"/>
						<line number="304" hits="0"/>
						<line number="306" hits="1"/>
						<line number="309" hits="1"/>
						<line number="313" hits="1"/>
						<line number="314" hits="0"/>
						<line number="318" hits="0"/>
						<line number="320" hits="1"/>
						<line number="322" hits="1"/>
						<line number="323" hits="1"/>
						<line number="325" hits="1"/>
						<line number="327" hits="1"/>
						<line number="328" hits="1"/>
						<line number="330" hits="1"/>
						<line number="331" hits="1"/>
						<line number="332" hits="1"/>
						<line number="334" hits="0"/>
						<line number="336" hits="1"/>
						<line number="340" hits="1"/>
						<line number="341" hits="1"/>
						<line number="343" hits="1"/>
						<line number="345" hits="1"/>
						<line number="346" hits="1"/>
						<line number="348" hits="1"/>
						<line number="352" hits="1"/>
						<line number="355" hits="1"/>
						<line number="356" hits="1"/>
						<line number="357" hits="0"/>
						<line number="358" hits="1"/>
						<line number="359" hits="1"/>
						<line number="362" hits="1"/>
						<line number="363" hits="0"/>
						<line number="365" hits="1"/>
						<line number="367" hits="1"/>
						<line number="368" hits="1"/>
						<line number="369" hits="1"/>
						<line number="370" hits="0"/>
						<line number="371" hits="1"/>
						<line number="372" hits="0"/>
						<line number="373" hits="1"/>
						<line number="375" hits="1"/>
						<line number="377" hits="1"/>
						<line number="378" hits="1"/>
						<line number="380" hits="1"/>
						<line number="382" hits="1"/>
						<line number="383" hits="1"/>
						<line number="385" hits="1"/>
						<line number="387" hits="1"/>
						<line number="388" hits="1"/>
						<line number="390" hits="1"/>
						<line number="392" hits="1"/>
						<line number="393" hits="1"/>
						<line number="395" hits="1"/>
						<line number="397" hits="1"/>
						<line number="398" hits="0"/>
						<line number="399" hits="0"/>
						<line number="404" hits="0"/>
						<line number="407" hits="0"/>
						<line number="408" hits="0"/>
						<line number="413" hits="0"/>
						<line number="417" hits="0"/>
						<line number="418" hits="0"/>
						<line number="419" hits="0"/>
						<line number="422" hits="0"/>
						<line number="423" hits="0"/>
						<line number="426" hits="0"/>
						<line number="427" hits="0"/>
						<line number="428" hits="0"/>
						<line number="429" hits="0"/>
						<line number="430" hits="0"/>
						<line number="431" hits="0"/>
						<line number="433" hits="0"/>
						<line number="440" hits="0"/>
						<line number="443" hits="0"/>
						<line number="444" hits="0"/>
						<line number="445" hits="0"/>
						<line number="446" hits="0"/>
						<line number="447" hits="0"/>
						<line number="448" hits="0"/>
						<line number="450" hits="1"/>
						<line number="452" hits="1"/>
						<line number="453" hits="1"/>
						<line number="455" hits="1"/>
						<line number="457" hits="1"/>
						<line number="458" hits="1"/>
						<line number="460" hits="1"/>
						<line number="462" hits="1"/>
						<line number="465" hits="1"/>
						<line number="466" hits="1"/>
						<line number="467" hits="1"/>
						<line number="468" hits="0"/>
						<line number="469" hits="1"/>
						<line number="470" hits="1"/>
						<line number="471" hits="0"/>
						<line number="472" hits="0"/>
						<line number="473" hits="0"/>
						<line number="474" hits="0"/>
						<line number="475" hits="0"/>
						<line number="476" hits="0"/>
						<line number="477" hits="0"/>
						<line number="478" hits="0"/>
						<line number="479" hits="0"/>
						<line number="480" hits="0"/>
						<line number="482" hits="0"/>
						<line number="484" hits="1"/>
						<line number="486" hits="1"/>
						<line number="492" hits="1"/>
						<line number="500" hits="1"/>
						<line number="502" hits="1"/>
						<line number="504" hits="1"/>
						<line number="513" hits="0"/>
						<line number="522" hits="1"/>
						<line number="524" hits="1"/>
						<line number="533" hits="1"/>
						<line number="534" hits="1"/>
						<line number="535" hits="1"/>
						<line number="536" hits="1"/>
						<line number="539" hits="1"/>
						<line number="542" hits="1"/>
						<line number="545" hits="1"/>
						<line number="546" hits="1"/>
						<line number="547" hits="1"/>
						<line number="550" hits="1"/>
						<line number="553" hits="1"/>
						<line number="554" hits="1"/>
						<line number="555" hits="0"/>
						<line number="557" hits="1"/>
						<line number="558" hits="1"/>
						<line number="560" hits="1"/>
						<line number="570" hits="1"/>
						<line number="571" hits="1"/>
						<line number="574" hits="1"/>
						<line number="575" hits="0"/>
						<line number="576" hits="0"/>
						<line number="580" hits="1"/>
						<line number="582" hits="1"/>
						<line number="586" hits="0"/>
						<line number="589" hits="0"/>
						<line number="590" hits="0"/>
						<line number="593" hits="0"/>
						<line number="594" hits="0"/>
						<line number="595" hits="0"/>
						<line number="597" hits="1"/>
						<line number="599" hits="1"/>
						<line number="601" hits="1"/>
						<line number="610" hits="0"/>
						<line number="619" hits="1"/>
						<line number="623" hits="1"/>
						<line number="633" hits="0"/>
						<line number="636" hits="0"/>
						<line number="639" hits="0"/>
						<line number="640" hits="0"/>
						<line number="643" hits="0"/>
						<line number="646" hits="0"/>
						<line number="647" hits="0"/>
						<line number="648" hits="0"/>
						<line number="650" hits="0"/>
						<line number="651" hits="0"/>
						<line number="653" hits="0"/>
						<line number="663" hits="0"/>
						<line number="664" hits="0"/>
						<line number="665" hits="0"/>
						<line number="669" hits="0"/>
						<line number="671" hits="0"/>
						<line number="674" hits="0"/>
						<line number="677" hits="0"/>
						<line number="678" hits="0"/>
						<line number="681" hits="0"/>
						<line number="682" hits="0"/>
						<line number="683" hits="0"/>
						<line number="685" hits="1"/>
						<line number="687" hits="1"/>
						<line number="688" hits="1"/>
						<line number="690" hits="1"/>
						<line number="692" hits="1"/>
						<line number="693" hits="1"/>
						<line number="695" hits="1"/>
						<line number="697" hits="1"/>
						<line number="698" hits="1"/>
						<line number="700" hits="1"/>
						<line number="702" hits="1"/>
						<line number="703" hits="0"/>
						<line number="705" hits="1"/>
						<line number="707" hits="1"/>
						<line number="708" hits="1"/>
						<line number="710" hits="1"/>
						<line number="714" hits="1"/>
						<line number="715" hits="1"/>
						<line number="716" hits="1"/>
						<line number="717" hits="1"/>
						<line number="719" hits="1"/>
						<line number="721" hits="1"/>
						<line number="722" hits="0"/>
						<line number="723" hits="0"/>
						<line number="725" hits="1"/>
						<line number="727" hits="1"/>
						<line number="728" hits="0"/>
						<line number="731" hits="0"/>
						<line number="733" hits="1"/>
						<line number="735" hits="1"/>
						<line number="738" hits="0"/>
						<line number="739" hits="0"/>
						<line number="741" hits="1"/>
						<line number="743" hits="1"/>
						<line number="744" hits="0"/>
						<line number="745" hits="0"/>
						<line number="747" hits="1"/>
						<line number="749" hits="1"/>
						<line number="750" hits="0"/>
						<line number="751" hits="0"/>
						<line number="753" hits="1"/>
						<line number="755" hits="1"/>
						<line number="756" hits="0"/>
						<line number="757" hits="0"/>
						<line number="759" hits="1"/>
						<line number="761" hits="1"/>
						<line number="762" hits="0"/>
						<line number="763" hits="0"/>
						<line number="765" hits="1"/>
						<line number="767" hits="1"/>
						<line number="768" hits="0"/>
						<line number="769" hits="0"/>
						<line number="771" hits="1"/>
						<line number="773" hits="1"/>
						<line number="774" hits="0"/>
						<line number="776" hits="1"/>
						<line number="778" hits="1"/>
						<line number="779" hits="0"/>
						<line number="781" hits="1"/>
						<line number="783" hits="1"/>
						<line number="784" hits="0"/>
						<line number="786" hits="1"/>
						<line number="788" hits="1"/>
						<line number="789" hits="0"/>
						<line number="791" hits="1"/>
						<line number="793" hits="1"/>
						<line number="794" hits="0"/>
						<line number="796" hits="1"/>
						<line number="798" hits="1"/>
						<line number="799" hits="0"/>
						<line number="801" hits="1"/>
						<line number="804" hits="1"/>
						<line number="805" hits="1"/>
						<line number="807" hits="1"/>
						<line number="809" hits="1"/>
						<line number="810" hits="1"/>
						<line number="812" hits="1"/>
						<line number="813" hits="1"/>
						<line number="814" hits="1"/>
						<line number="815" hits="1"/>
						<line number="816" hits="1"/>
						<line number="818" hits="1"/>
						<line number="819" hits="0"/>
						<line number="821" hits="1"/>
						<line number="823" hits="1"/>
						<line number="824" hits="1"/>
						<line number="826" hits="1"/>
						<line number="828" hits="1"/>
						<line number="829" hits="0"/>
						<line number="831" hits="1"/>
						<line number="833" hits="1"/>
						<line number="834" hits="0"/>
						<line number="836" hits="1"/>
						<line number="838" hits="1"/>
						<line number="839" hits="0"/>
						<line number="841" hits="1"/>
						<line number="843" hits="1"/>
						<line number="844" hits="1"/>
						<line number="846" hits="1"/>
						<line number="848" hits="1"/>
						<line number="849" hits="0"/>
						<line number="853" hits="1"/>
						<line number="855" hits="1"/>
						<line number="856" hits="0"/>
						<line number="860" hits="1"/>
						<line number="864" hits="1"/>
						<line number="865" hits="0"/>
						<line number="869" hits="1"/>
						<line number="871" hits="1"/>
						<line number="872" hits="0"/>
						<line number="876" hits="1"/>
						<line number="878" hits="1"/>
						<line number="879" hits="0"/>
						<line number="883" hits="1"/>
						<line number="885" hits="1"/>
						<line number="886" hits="0"/>
						<line number="888" hits="1"/>
						<line number="890" hits="1"/>
						<line number="891" hits="0"/>
						<line number="895" hits="1"/>
						<line number="897" hits="1"/>
						<line number="898" hits="0"/>
						<line number="902" hits="1"/>
						<line number="904" hits="1"/>
						<line number="905" hits="0"/>
						<line number="909" hits="1"/>
						<line number="913" hits="1"/>
						<line number="914" hits="0"/>
						<line number="915" hits="0"/>
						<line number="917" hits="0"/>
						<line number="918" hits="0"/>
						<line number="920" hits="1"/>
						<line number="922" hits="1"/>
						<line number="923" hits="0"/>
						<line number="927" hits="1"/>
						<line number="929" hits="1"/>
						<line number="930" hits="0"/>
						<line number="936" hits="1"/>
						<line number="938" hits="0"/>
						<line number="939" hits="0"/>
						<line number="940" hits="0"/>
						<line number="944" hits="1"/>
						<line number="946" hits="1"/>
						<line number="947" hits="0"/>
						<line number="951" hits="1"/>
						<line number="953" hits="1"/>
						<line number="954" hits="0"/>
						<line number="958" hits="1"/>
						<line number="960" hits="1"/>
						<line number="961" hits="0"/>
						<line number="963" hits="0"/>
						<line number="964" hits="0"/>
						<line number="965" hits="0"/>
						<line number="967" hits="0"/>
						<line number="969" hits="1"/>
						<line number="971" hits="1"/>
						<line number="974" hits="0"/>
						<line number="975" hits="0"/>
						<line number="976" hits="0"/>
						<line number="977" hits="0"/>
						<line number="981" hits="1"/>
						<line number="985" hits="1"/>
						<line number="986" hits="1"/>
						<line number="987" hits="1"/>
						<line number="989" hits="1"/>
						<line number="991" hits="1"/>
						<line number="992" hits="0"/>
						<line number="993" hits="0"/>
						<line number="995" hits="1"/>
						<line number="997" hits="1"/>
						<line number="998" hits="1"/>
						<line number="999" hits="1"/>
						<line number="1001" hits="1"/>
						<line number="1004" hits="1"/>
						<line number="1005" hits="0"/>
						<line number="1009" hits="1"/>
						<line number="1011" hits="1"/>
						<line number="1012" hits="0"/>
						<line number="1016" hits="1"/>
						<line number="1018" hits="1"/>
						<line number="1019" hits="0"/>
						<line number="1023" hits="1"/>
						<line number="1027" hits="1"/>
						<line number="1028" hits="0"/>
						<line number="1032" hits="1"/>
						<line number="1036" hits="1"/>
						<line number="1037" hits="0"/>
						<line number="1041" hits="1"/>
						<line number="1045" hits="1"/>
						<line number="1046" hits="0"/>
						<line number="1050" hits="1"/>
						<line number="1052" hits="1"/>
						<line number="1053" hits="0"/>
						<line number="1055" hits="1"/>
						<line number="1057" hits="1"/>
						<line number="1058" hits="0"/>
						<line number="1060" hits="1"/>
						<line number="1062" hits="1"/>
						<line number="1063" hits="0"/>
						<line number="1067" hits="1"/>
						<line number="1071" hits="1"/>
						<line number="1072" hits="0"/>
						<line number="1076" hits="1"/>
						<line number="1080" hits="1"/>
						<line number="1081" hits="0"/>
						<line number="1085" hits="1"/>
						<line number="1089" hits="1"/>
						<line number="1090" hits="0"/>
						<line number="1094" hits="1"/>
						<line number="1098" hits="1"/>
						<line number="1099" hits="0"/>
						<line number="1103" hits="1"/>
						<line number="1107" hits="1"/>
						<line number="1108" hits="0"/>
						<line number="1112" hits="1"/>
						<line number="1114" hits="1"/>
						<line number="1115" hits="0"/>
						<line number="1119" hits="1"/>
						<line number="1121" hits="1"/>
						<line number="1122" hits="0"/>
						<line number="1124" hits="1"/>
						<line number="1126" hits="1"/>
						<line number="1127" hits="0"/>
						<line number="1129" hits="1"/>
						<line number="1131" hits="1"/>
						<line number="1132" hits="0"/>
						<line number="1134" hits="1"/>
						<line number="1136" hits="1"/>
						<line number="1137" hits="0"/>
						<line number="1139" hits="1"/>
						<line number="1141" hits="1"/>
						<line number="1142" hits="0"/>
						<line number="1146" hits="1"/>
						<line number="1150" hits="1"/>
						<line number="1151" hits="0"/>
						<line number="1155" hits="1"/>
						<line number="1157" hits="1"/>
						<line number="1158" hits="0"/>
						<line number="1162" hits="1"/>
						<line number="1166" hits="1"/>
						<line number="1167" hits="0"/>
						<line number="1171" hits="1"/>
						<line number="1173" hits="1"/>
						<line number="1174" hits="0"/>
						<line number="1178" hits="1"/>
						<line number="1180" hits="1"/>
						<line number="1181" hits="0"/>
						<line number="1185" hits="1"/>
						<line number="1187" hits="1"/>
						<line number="1188" hits="0"/>
						<line number="1192" hits="1"/>
						<line number="1194" hits="1"/>
						<line number="1195" hits="0"/>
						<line number="1199" hits="1"/>
						<line number="1201" hits="1"/>
						<line number="1202" hits="0"/>
						<line number="1204" hits="1"/>
						<line number="1206" hits="1"/>
						<line number="1207" hits="0"/>
						<line number="1208" hits="0"/>
						<line number="1212" hits="1"/>
						<line number="1214" hits="1"/>
						<line number="1215" hits="0"/>
						<line number="1216" hits="0"/>
						<line number="1220" hits="1"/>
						<line number="1222" hits="1"/>
						<line number="1223" hits="0"/>
						<line number="1224" hits="0"/>
						<line number="1225" hits="0"/>
						<line number="1229" hits="1"/>
						<line number="1233" hits="1"/>
						<line number="1234" hits="0"/>
						<line number="1235" hits="0"/>
						<line number="1236" hits="0"/>
						<line number="1240" hits="1"/>
						<line number="1244" hits="1"/>
						<line number="1245" hits="0"/>
						<line number="1249" hits="1"/>
						<line number="1251" hits="1"/>
						<line number="1252" hits="0"/>
						<line number="1256" hits="1"/>
						<line number="1258" hits="1"/>
						<line number="1259" hits="0"/>
						<line number="1260" hits="0"/>
						<line number="1261" hits="0"/>
						<line number="1265" hits="1"/>
						<line number="1267" hits="1"/>
						<line number="1268" hits="0"/>
						<line number="1272" hits="1"/>
						<line number="1274" hits="1"/>
						<line number="1275" hits="0"/>
						<line number="1279" hits="1"/>
						<line number="1281" hits="1"/>
						<line number="1282" hits="0"/>
						<line number="1286" hits="1"/>
						<line number="1288" hits="1"/>
						<line number="1289" hits="0"/>
						<line number="1293" hits="1"/>
						<line number="1295" hits="1"/>
						<line number="1296" hits="0"/>
						<line number="1300" hits="1"/>
						<line number="1302" hits="1"/>
						<line number="1303" hits="0"/>
						<line number="1307" hits="1"/>
						<line number="1308" hits="0"/>
						<line number="1312" hits="1"/>
						<line number="1313" hits="0"/>
						<line number="1317" hits="1"/>
						<line number="1318" hits="0"/>
						<line number="1322" hits="1"/>
						<line number="1323" hits="0"/>
						<line number="1327" hits="1"/>
						<line number="1328" hits="0"/>
						<line number="1332" hits="1"/>
						<line number="1333" hits="0"/>
						<line number="1337" hits="1"/>
						<line number="1338" hits="0"/>
						<line number="1342" hits="1"/>
						<line number="1343" hits="0"/>
						<line number="1347" hits="1"/>
						<line number="1348" hits="0"/>
						<line number="1354" hits="1"/>
						<line number="1355" hits="0"/>
						<line number="1359" hits="1"/>
						<line number="1360" hits="0"/>
						<line number="1364" hits="1"/>
						<line number="1365" hits="0"/>
						<line number="1369" hits="1"/>
						<line number="1370" hits="0"/>
						<line number="1376" hits="1"/>
						<line number="1377" hits="0"/>
						<line number="1380" hits="0"/>
						<line number="1382" hits="1"/>
						<line number="1383" hits="0"/>
						<line number="1384" hits="0"/>
						<line number="1388" hits="1"/>
						<line number="1389" hits="0"/>
						<line number="1390" hits="0"/>
						<line number="1396" hits="1"/>
						<line number="1397" hits="0"/>
						<line number="1398" hits="0"/>
						<line number="1401" hits="0"/>
						<line number="1403" hits="1"/>
						<line number="1404" hits="0"/>
						<line number="1405" hits="0"/>
						<line number="1409" hits="1"/>
						<line number="1410" hits="0"/>
						<line number="1411" hits="0"/>
						<line number="1417" hits="1"/>
						<line number="1418" hits="0"/>
						<line number="1422" hits="1"/>
						<line number="1426" hits="1"/>
						<line number="1427" hits="0"/>
						<line number="1431" hits="1"/>
						<line number="1435" hits="1"/>
						<line number="1436" hits="0"/>
						<line number="1440" hits="1"/>
						<line number="1444" hits="1"/>
						<line number="1445" hits="0"/>
						<line number="1449" hits="1"/>
						<line number="1453" hits="1"/>
						<line number="1454" hits="0"/>
						<line number="1458" hits="1"/>
						<line number="1462" hits="1"/>
						<line number="1463" hits="0"/>
						<line number="1467" hits="1"/>
						<line number="1471" hits="1"/>
						<line number="1472" hits="0"/>
						<line number="1476" hits="1"/>
						<line number="1480" hits="1"/>
						<line number="1481" hits="0"/>
						<line number="1485" hits="1"/>
						<line number="1489" hits="1"/>
						<line number="1490" hits="0"/>
						<line number="1494" hits="1"/>
						<line number="1498" hits="1"/>
						<line number="1499" hits="0"/>
						<line number="1503" hits="1"/>
						<line number="1504" hits="0"/>
						<line number="1510" hits="1"/>
						<line number="1511" hits="0"/>
						<line number="1515" hits="1"/>
						<line number="1516" hits="0"/>
						<line number="1520" hits="1"/>
						<line number="1521" hits="0"/>
						<line number="1525" hits="1"/>
						<line number="1526" hits="0"/>
						<line number="1530" hits="1"/>
						<line number="1531" hits="0"/>
						<line number="1535" hits="1"/>
						<line number="1536" hits="0"/>
						<line number="1540" hits="1"/>
						<line number="1541" hits="0"/>
						<line number="1547" hits="1"/>
						<line number="1548" hits="0"/>
						<line number="1549" hits="0"/>
						<line number="1551" hits="1"/>
						<line number="1553" hits="1"/>
						<line number="1554" hits="0"/>
						<line number="1555" hits="0"/>
						<line number="1559" hits="1"/>
						<line number="1561" hits="1"/>
						<line number="1562" hits="0"/>
						<line number="1563" hits="0"/>
						<line number="1567" hits="1"/>
						<line number="1569" hits="1"/>
						<line number="1570" hits="0"/>
						<line number="1571" hits="0"/>
						<line number="1575" hits="1"/>
						<line number="1577" hits="1"/>
						<line number="1578" hits="0"/>
						<line number="1579" hits="0"/>
						<line number="1583" hits="1"/>
						<line number="1585" hits="1"/>
						<line number="1586" hits="0"/>
						<line number="1587" hits="0"/>
						<line number="1591" hits="1"/>
						<line number="1597" hits="1"/>
						<line number="1598" hits="0"/>
						<line number="1602" hits="1"/>
						<line number="1603" hits="0"/>
						<line number="1607" hits="1"/>
						<line number="1608" hits="0"/>
						<line number="1612" hits="1"/>
						<line number="1613" hits="0"/>
						<line number="1617" hits="1"/>
						<line number="1618" hits="0"/>
						<line number="1622" hits="1"/>
						<line number="1623" hits="0"/>
						<line number="1627" hits="1"/>
						<line number="1628" hits="0"/>
						<line number="1632" hits="1"/>
						<line number="1633" hits="0"/>
						<line number="1637" hits="1"/>
						<line number="1638" hits="0"/>
						<line number="1642" hits="1"/>
						<line number="1643" hits="0"/>
						<line number="1647" hits="1"/>
						<line number="1648" hits="0"/>
						<line number="1652" hits="1"/>
						<line number="1653" hits="0"/>
						<line number="1657" hits="1"/>
						<line number="1658" hits="0"/>
						<line number="1662" hits="1"/>
						<line number="1663" hits="0"/>
						<line number="1667" hits="1"/>
						<line number="1668" hits="0"/>
						<line number="1672" hits="1"/>
						<line number="1673" hits="0"/>
						<line number="1677" hits="1"/>
						<line number="1678" hits="0"/>
						<line number="1682" hits="1"/>
						<line number="1683" hits="0"/>
						<line number="1687" hits="1"/>
						<line number="1688" hits="0"/>
						<line number="1692" hits="1"/>
						<line number="1693" hits="0"/>
						<line number="1697" hits="1"/>
						<line number="1698" hits="0"/>
						<line number="1702" hits="1"/>
						<line number="1703" hits="0"/>
						<line number="1707" hits="1"/>
						<line number="1708" hits="0"/>
						<line number="1714" hits="1"/>
						<line number="1715" hits="1"/>
						<line number="1717" hits="1"/>
						<line number="1718" hits="1"/>
						<line number="1720" hits="1"/>
						<line number="1721" hits="1"/>
						<line number="1723" hits="1"/>
						<line number="1724" hits="1"/>
						<line number="1726" hits="1"/>
						<line number="1727" hits="1"/>
						<line number="1729" hits="1"/>
						<line number="1730" hits="1"/>
						<line number="1732" hits="1"/>
						<line number="1733" hits="1"/>
						<line number="1735" hits="1"/>
						<line number="1736" hits="1"/>
						<line number="1738" hits="1"/>
						<line number="1739" hits="1"/>
						<line number="1741" hits="1"/>
						<line number="1743" hits="1"/>
						<line number="1744" hits="1"/>
						<line number="1746" hits="1"/>
						<line number="1748" hits="1"/>
						<line number="1749" hits="1"/>
						<line number="1751" hits="1"/>
						<line number="1753" hits="1"/>
						<line number="1754" hits="1"/>
						<line number="1756" hits="1"/>
						<line number="1759" hits="1"/>
						<line number="1768" hits="1"/>
						<line number="1771" hits="1"/>
						<line number="1779" hits="1"/>
						<line number="1780" hits="1"/>
						<line number="1782" hits="1"/>
						<line number="1783" hits="1"/>
						<line number="1785" hits="1"/>
						<line number="1786" hits="0"/>
						<line number="1790" hits="1"/>
						<line number="1791" hits="0"/>
						<line number="1795" hits="1"/>
						<line number="1796" hits="0"/>
						<line number="1800" hits="1"/>
						<line number="1801" hits="0"/>
						<line number="1805" hits="1"/>
						<line number="1806" hits="1"/>
						<line number="1808" hits="1"/>
						<line number="1809" hits="1"/>
						<line number="1811" hits="1"/>
						<line number="1812" hits="1"/>
						<line number="1814" hits="1"/>
						<line number="1815" hits="1"/>
						<line number="1817" hits="1"/>
						<line number="1821" hits="1"/>
						<line number="1822" hits="1"/>
						<line number="1826" hits="1"/>
						<line number="1827" hits="0"/>
						<line number="1831" hits="1"/>
						<line number="1832" hits="1"/>
						<line number="1836" hits="1"/>
						<line number="1837" hits="1"/>
						<line number="1841" hits="1"/>
						<line number="1842" hits="1"/>
						<line number="1844" hits="1"/>
						<line number="1845" hits="1"/>
						<line number="1847" hits="1"/>
						<line number="1848" hits="0"/>
						<line number="1852" hits="1"/>
						<line number="1853" hits="1"/>
						<line number="1857" hits="1"/>
						<line number="1858" hits="0"/>
						<line number="1862" hits="1"/>
						<line number="1863" hits="0"/>
						<line number="1867" hits="1"/>
						<line number="1868" hits="0"/>
						<line number="1872" hits="1"/>
						<line number="1873" hits="0"/>
						<line number="1877" hits="1"/>
						<line number="1878" hits="0"/>
						<line number="1882" hits="1"/>
						<line number="1883" hits="0"/>
						<line number="1887" hits="1"/>
						<line number="1888" hits="0"/>
						<line number="1892" hits="1"/>
						<line number="1893" hits="0"/>
						<line number="1897" hits="1"/>
						<line number="1898" hits="1"/>
						<line number="1899" hits="1"/>
						<line number="1900" hits="1"/>
						<line number="1902" hits="1"/>
						<line number="1908" hits="0"/>
						<line number="1909" hits="0"/>
						<line number="1910" hits="0"/>
						<line number="1911" hits="0"/>
						<line number="1913" hits="1"/>
						<line number="1919" hits="0"/>
						<line number="1920" hits="0"/>
						<line number="1921" hits="0"/>
						<line number="1922" hits="0"/>
						<line number="1924" hits="1"/>
						<line number="1930" hits="0"/>
						<line number="1931" hits="0"/>
						<line number="1932" hits="0"/>
						<line number="1933" hits="0"/>
						<line number="1934" hits="0"/>
						<line number="1936" hits="1"/>
						<line number="1942" hits="0"/>
						<line number="1943" hits="0"/>
						<line number="1944" hits="0"/>
						<line number="1945" hits="0"/>
						<line number="1946" hits="0"/>
						<line number="1948" hits="1"/>
						<line number="1954" hits="0"/>
						<line number="1955" hits="0"/>
						<line number="1956" hits="0"/>
						<line number="1957" hits="0"/>
						<line number="1958" hits="0"/>
						<line number="1960" hits="1"/>
						<line number="1966" hits="0"/>
						<line number="1967" hits="0"/>
						<line number="1968" hits="0"/>
						<line number="1969" hits="0"/>
						<line number="1970" hits="0"/>
						<line number="1972" hits="1"/>
						<line number="1978" hits="1"/>
						<line number="1980" hits="1"/>
						<line number="1981" hits="1"/>
						<line number="1983" hits="1"/>
						<line number="1984" hits="1"/>
						<line number="1985" hits="1"/>
						<line number="1986" hits="1"/>
						<line number="1987" hits="1"/>
						<line number="1988" hits="1"/>
						<line number="1989" hits="1"/>
						<line number="1991" hits="1"/>
						<line number="1995" hits="1"/>
						<line number="1996" hits="1"/>
						<line number="1998" hits="1"/>
						<line number="1999" hits="1"/>
						<line number="2001" hits="1"/>
						<line number="2002" hits="0"/>
						<line number="2004" hits="1"/>
						<line number="2005" hits="1"/>
						<line number="2007" hits="1"/>
						<line number="2008" hits="1"/>
						<line number="2012" hits="1"/>
						<line number="2013" hits="1"/>
						<line number="2014" hits="1"/>
						<line number="2017" hits="1"/>
						<line number="2018" hits="1"/>
						<line number="2021" hits="1"/>
						<line number="2025" hits="1"/>
						<line number="2026" hits="1"/>
						<line number="2030" hits="1"/>
						<line number="2031" hits="1"/>
						<line number="2035" hits="1"/>
						<line number="2036" hits="1"/>
						<line number="2040" hits="1"/>
						<line number="2041" hits="1"/>
						<line number="2043" hits="1"/>
						<line number="2044" hits="1"/>
						<line number="2046" hits="1"/>
						<line number="2047" hits="0"/>
						<line number="2051" hits="1"/>
						<line number="2052" hits="1"/>
						<line number="2056" hits="1"/>
						<line number="2057" hits="1"/>
						<line number="2061" hits="1"/>
						<line number="2062" hits="1"/>
						<line number="2064" hits="1"/>
						<line number="2065" hits="1"/>
						<line number="2067" hits="1"/>
						<line number="2068" hits="0"/>
						<line number="2072" hits="1"/>
						<line number="2073" hits="0"/>
						<line number="2077" hits="1"/>
						<line number="2078" hits="0"/>
						<line number="2079" hits="0"/>
						<line number="2083" hits="1"/>
						<line number="2084" hits="1"/>
						<line number="2088" hits="1"/>
						<line number="2089" hits="1"/>
						<line number="2092" hits="1"/>
						<line number="2094" hits="1"/>
						<line number="2095" hits="0"/>
						<line number="2096" hits="0"/>
						<line number="2100" hits="1"/>
						<line number="2101" hits="0"/>
						<line number="2102" hits="0"/>
						<line number="2107" hits="1"/>
						<line number="2108" hits="1"/>
						<line number="2112" hits="1"/>
						<line number="2113" hits="1"/>
						<line number="2119" hits="1"/>
						<line number="2120" hits="1"/>
						<line number="2122" hits="1"/>
						<line number="2123" hits="1"/>
						<line number="2125" hits="1"/>
						<line number="2126" hits="1"/>
						<line number="2128" hits="1"/>
						<line number="2129" hits="1"/>
						<line number="2131" hits="1"/>
						<line number="2132" hits="1"/>
						<line number="2134" hits="1"/>
						<line number="2135" hits="1"/>
						<line number="2139" hits="1"/>
						<line number="2140" hits="0"/>
						<line number="2142" hits="1"/>
						<line number="2143" hits="1"/>
						<line number="2145" hits="1"/>
						<line number="2146" hits="1"/>
						<line number="2150" hits="1"/>
						<line number="2151" hits="1"/>
						<line number="2155" hits="1"/>
						<line number="2156" hits="1"/>
						<line number="2160" hits="1"/>
						<line number="2162" hits="1"/>
						<line number="2163" hits="0"/>
						<line number="2167" hits="1"/>
						<line number="2171" hits="1"/>
						<line number="2172" hits="1"/>
						<line number="2174" hits="1"/>
						<line number="2175" hits="0"/>
						<line number="2177" hits="1"/>
						<line number="2178" hits="1"/>
						<line number="2180" hits="1"/>
						<line number="2181" hits="1"/>
						<line number="2183" hits="1"/>
						<line number="2184" hits="1"/>
						<line number="2188" hits="1"/>
						<line number="2189" hits="1"/>
						<line number="2191" hits="1"/>
						<line number="2195" hits="1"/>
						<line number="2196" hits="0"/>
						<line number="2200" hits="1"/>
						<line number="2201" hits="1"/>
						<line number="2203" hits="1"/>
						<line number="2204" hits="0"/>
						<line number="2208" hits="1"/>
						<line number="2209" hits="1"/>
						<line number="2213" hits="1"/>
						<line number="2214" hits="0"/>
						<line number="2218" hits="1"/>
						<line number="2219" hits="0"/>
						<line number="2223" hits="1"/>
						<line number="2224" hits="0"/>
						<line number="2228" hits="1"/>
						<line number="2229" hits="0"/>
						<line number="2233" hits="1"/>
						<line number="2234" hits="1"/>
						<line number="2235" hits="1"/>
						<line number="2236" hits="1"/>
						<line number="2238" hits="1"/>
						<line number="2239" hits="1"/>
						<line number="2240" hits="1"/>
						<line number="2241" hits="1"/>
						<line number="2242" hits="1"/>
						<line number="2243" hits="1"/>
						<line number="2244" hits="1"/>
						<line number="2246" hits="1"/>
						<line number="2250" hits="1"/>
						<line number="2251" hits="0"/>
						<line number="2253" hits="1"/>
						<line number="2254" hits="1"/>
						<line number="2258" hits="1"/>
						<line number="2259" hits="0"/>
						<line number="2263" hits="1"/>
						<line number="2264" hits="0"/>
						<line number="2268" hits="1"/>
						<line number="2269" hits="1"/>
						<line number="2273" hits="1"/>
						<line number="2274" hits="0"/>
						<line number="2275" hits="0"/>
						<line number="2278" hits="0"/>
						<line number="2279" hits="0"/>
						<line number="2282" hits="0"/>
						<line number="2286" hits="1"/>
						<line number="2287" hits="1"/>
						<line number="2291" hits="1"/>
						<line number="2292" hits="1"/>
						<line number="2296" hits="1"/>
						<line number="2297" hits="0"/>
						<line number="2301" hits="1"/>
						<line number="2302" hits="0"/>
						<line number="2306" hits="1"/>
						<line number="2307" hits="0"/>
						<line number="2311" hits="1"/>
						<line number="2312" hits="0"/>
						<line number="2316" hits="1"/>
						<line number="2317" hits="1"/>
						<line number="2321" hits="1"/>
						<line number="2322" hits="0"/>
						<line number="2326" hits="1"/>
						<line number="2327" hits="0"/>
						<line number="2329" hits="1"/>
						<line number="2330" hits="0"/>
						<line number="2334" hits="1"/>
						<line number="2335" hits="1"/>
						<line number="2339" hits="1"/>
						<line number="2340" hits="1"/>
						<line number="2343" hits="1"/>
						<line number="2345" hits="1"/>
						<line number="2346" hits="0"/>
						<line number="2347" hits="0"/>
						<line number="2351" hits="1"/>
						<line number="2352" hits="0"/>
						<line number="2356" hits="1"/>
						<line number="2360" hits="1"/>
						<line number="2361" hits="0"/>
						<line number="2365" hits="1"/>
						<line number="2369" hits="1"/>
						<line number="2370" hits="0"/>
						<line number="2374" hits="1"/>
						<line number="2378" hits="1"/>
						<line number="2379" hits="0"/>
						<line number="2383" hits="1"/>
						<line number="2387" hits="1"/>
						<line number="2388" hits="1"/>
						<line number="2389" hits="1"/>
						<line number="2393" hits="1"/>
						<line number="2394" hits="0"/>
						<line number="2398" hits="1"/>
						<line number="2399" hits="0"/>
						<line number="2403" hits="1"/>
						<line number="2404" hits="0"/>
						<line number="2408" hits="1"/>
						<line number="2409" hits="0"/>
						<line number="2413" hits="1"/>
						<line number="2421" hits="1"/>
						<line number="2422" hits="1"/>
						<line number="2424" hits="1"/>
						<line number="2425" hits="1"/>
						<line number="2427" hits="1"/>
						<line number="2428" hits="0"/>
						<line number="2430" hits="1"/>
						<line number="2431" hits="1"/>
						<line number="2433" hits="1"/>
						<line number="2434" hits="1"/>
						<line number="2436" hits="1"/>
						<line number="2437" hits="1"/>
						<line number="2439" hits="1"/>
						<line number="2440" hits="1"/>
						<line number="2442" hits="1"/>
						<line number="2443" hits="1"/>
						<line number="2445" hits="1"/>
						<line number="2446" hits="1"/>
						<line number="2448" hits="1"/>
						<line number="2449" hits="1"/>
						<line number="2451" hits="1"/>
						<line number="2452" hits="1"/>
						<line number="2456" hits="1"/>
						<line number="2457" hits="0"/>
						<line number="2461" hits="1"/>
						<line number="2462" hits="0"/>
						<line number="2466" hits="1"/>
						<line number="2467" hits="0"/>
						<line number="2471" hits="1"/>
						<line number="2472" hits="0"/>
						<line number="2474" hits="1"/>
						<line number="2475" hits="0"/>
						<line number="2476" hits="0"/>
						<line number="2477" hits="0"/>
						<line number="2481" hits="1"/>
						<line number="2482" hits="0"/>
						<line number="2483" hits="0"/>
						<line number="2484" hits="0"/>
						<line number="2485" hits="0"/>
						<line number="2489" hits="1"/>
						<line number="2490" hits="0"/>
						<line number="2494" hits="1"/>
						<line number="2495" hits="0"/>
						<line number="2499" hits="1"/>
						<line number="2500" hits="0"/>
						<line number="2504" hits="1"/>
						<line number="2505" hits="0"/>
						<line number="2507" hits="1"/>
						<line number="2508" hits="0"/>
						<line number="2512" hits="1"/>
						<line number="2513" hits="0"/>
						<line number="2517" hits="1"/>
						<line number="2518" hits="0"/>
						<line number="2524" hits="1"/>
						<line number="2525" hits="0"/>
						<line number="2529" hits="1"/>
						<line number="2530" hits="0"/>
						<line number="2536" hits="1"/>
						<line number="2537" hits="0"/>
						<line number="2543" hits="1"/>
						<line number="2544" hits="0"/>
						<line number="2548" hits="1"/>
						<line number="2552" hits="1"/>
						<line number="2553" hits="0"/>
						<line number="2557" hits="1"/>
						<line number="2559" hits="1"/>
						<line number="2560" hits="0"/>
						<line number="2564" hits="1"/>
						<line number="2566" hits="1"/>
						<line number="2567" hits="0"/>
						<line number="2571" hits="1"/>
						<line number="2573" hits="1"/>
						<line number="2579" hits="1"/>
						<line number="2580" hits="0"/>
						<line number="2581" hits="0"/>
						<line number="2583" hits="1"/>
						<line number="2585" hits="1"/>
						<line number="2586" hits="0"/>
						<line number="2587" hits="0"/>
						<line number="2591" hits="1"/>
						<line number="2593" hits="1"/>
						<line number="2594" hits="0"/>
						<line number="2595" hits="0"/>
						<line number="2599" hits="1"/>
						<line number="2601" hits="1"/>
						<line number="2602" hits="0"/>
						<line number="2604" hits="1"/>
						<line number="2606" hits="1"/>
						<line number="2607" hits="0"/>
						<line number="2611" hits="1"/>
						<line number="2613" hits="1"/>
						<line number="2614" hits="0"/>
						<line number="2616" hits="1"/>
						<line number="2617" hits="0"/>
						<line number="2621" hits="1"/>
						<line number="2622" hits="0"/>
						<line number="2626" hits="1"/>
						<line number="2627" hits="0"/>
						<line number="2631" hits="1"/>
						<line number="2632" hits="0"/>
						<line number="2636" hits="1"/>
						<line number="2637" hits="0"/>
						<line number="2641" hits="1"/>
						<line number="2642" hits="0"/>
						<line number="2646" hits="1"/>
						<line number="2647" hits="0"/>
						<line number="2651" hits="1"/>
						<line number="2652" hits="0"/>
						<line number="2656" hits="1"/>
						<line number="2657" hits="0"/>
						<line number="2661" hits="1"/>
						<line number="2662" hits="0"/>
						<line number="2666" hits="1"/>
						<line number="2667" hits="0"/>
						<line number="2671" hits="1"/>
						<line number="2672" hits="0"/>
						<line number="2676" hits="1"/>
						<line number="2677" hits="0"/>
						<line number="2681" hits="1"/>
						<line number="2682" hits="0"/>
						<line number="2686" hits="1"/>
						<line number="2687" hits="0"/>
						<line number="2691" hits="1"/>
						<line number="2692" hits="0"/>
						<line number="2696" hits="1"/>
						<line number="2697" hits="0"/>
						<line number="2701" hits="1"/>
						<line number="2702" hits="0"/>
						<line number="2706" hits="1"/>
						<line number="2707" hits="0"/>
						<line number="2711" hits="1"/>
						<line number="2712" hits="0"/>
						<line number="2716" hits="1"/>
						<line number="2717" hits="0"/>
						<line number="2721" hits="1"/>
						<line number="2722" hits="0"/>
						<line number="2729" hits="1"/>
						<line number="2733" hits="1"/>
						<line number="2734" hits="0"/>
						<line number="2738" hits="1"/>
						<line number="2739" hits="0"/>
						<line number="2743" hits="1"/>
						<line number="2744" hits="0"/>
						<line number="2748" hits="1"/>
						<line number="2749" hits="0"/>
						<line number="2753" hits="1"/>
						<line number="2754" hits="0"/>
						<line number="2758" hits="1"/>
						<line number="2759" hits="0"/>
						<line number="2763" hits="1"/>
						<line number="2764" hits="0"/>
						<line number="2768" hits="1"/>
						<line number="2769" hits="0"/>
						<line number="2773" hits="1"/>
						<line number="2774" hits="0"/>
						<line number="2778" hits="1"/>
						<line number="2779" hits="0"/>
						<line number="2783" hits="1"/>
						<line number="2784" hits="0"/>
						<line number="2788" hits="1"/>
						<line number="2789" hits="0"/>
						<line number="2793" hits="1"/>
						<line number="2794" hits="0"/>
						<line number="2798" hits="1"/>
						<line number="2799" hits="0"/>
						<line number="2803" hits="1"/>
						<line number="2804" hits="0"/>
						<line number="2808" hits="1"/>
						<line number="2809" hits="0"/>
						<line number="2813" hits="1"/>
						<line number="2814" hits="1"/>
						<line number="2818" hits="1"/>
						<line number="2826" hits="1"/>
						<line number="2827" hits="1"/>
						<line number="2828" hits="1"/>
						<line number="2832" hits="1"/>
						<line number="2840" hits="0"/>
						<line number="2841" hits="0"/>
						<line number="2842" hits="0"/>
						<line number="2846" hits="1"/>
						<line number="2854" hits="1"/>
						<line number="2855" hits="1"/>
						<line number="2856" hits="1"/>
						<line number="2860" hits="1"/>
						<line number="2868" hits="0"/>
						<line number="2869" hits="0"/>
						<line number="2870" hits="0"/>
						<line number="2874" hits="1"/>
						<line number="2882" hits="0"/>
						<line number="2883" hits="0"/>
						<line number="2884" hits="0"/>
						<line number="2888" hits="1"/>
						<line number="2896" hits="0"/>
						<line number="2900" hits="1"/>
						<line number="2908" hits="0"/>
						<line number="2912" hits="1"/>
						<line number="2920" hits="0"/>
						<line number="2924" hits="1"/>
						<line number="2932" hits="0"/>
						<line number="2936" hits="1"/>
						<line number="2944" hits="0"/>
						<line number="2948" hits="1"/>
						<line number="2956" hits="0"/>
						<line number="2960" hits="1"/>
						<line number="2968" hits="0"/>
						<line number="2972" hits="1"/>
						<line number="2980" hits="0"/>
						<line number="2984" hits="1"/>
						<line number="2992" hits="0"/>
						<line number="2996" hits="1"/>
						<line number="3004" hits="0"/>
						<line number="3008" hits="1"/>
						<line number="3016" hits="0"/>
						<line number="3020" hits="1"/>
						<line number="3028" hits="0"/>
						<line number="3032" hits="1"/>
						<line number="3040" hits="0"/>
						<line number="3044" hits="1"/>
						<line number="3052" hits="0"/>
						<line number="3056" hits="1"/>
						<line number="3064" hits="0"/>
						<line number="3066" hits="1"/>
						<line number="3074" hits="0"/>
						<line number="3076" hits="1"/>
						<line number="3084" hits="0"/>
						<line number="3086" hits="1"/>
						<line number="3094" hits="0"/>
						<line number="3098" hits="1"/>
						<line number="3106" hits="0"/>
						<line number="3110" hits="1"/>
						<line number="3118" hits="0"/>
						<line number="3122" hits="1"/>
						<line number="3130" hits="0"/>
						<line number="3134" hits="1"/>
						<line number="3142" hits="0"/>
						<line number="3146" hits="1"/>
						<line number="3154" hits="0"/>
						<line number="3158" hits="1"/>
						<line number="3166" hits="0"/>
						<line number="3170" hits="1"/>
						<line number="3178" hits="0"/>
						<line number="3180" hits="1"/>
						<line number="3188" hits="0"/>
						<line number="3192" hits="1"/>
						<line number="3200" hits="0"/>
						<line number="3204" hits="1"/>
						<line number="3212" hits="0"/>
						<line number="3216" hits="1"/>
						<line number="3224" hits="0"/>
						<line number="3228" hits="1"/>
						<line number="3236" hits="0"/>
						<line number="3240" hits="1"/>
						<line number="3248" hits="0"/>
						<line number="3252" hits="1"/>
						<line number="3260" hits="0"/>
						<line number="3264" hits="1"/>
						<line number="3272" hits="0"/>
						<line number="3276" hits="1"/>
						<line number="3284" hits="0"/>
						<line number="3288" hits="1"/>
						<line number="3296" hits="0"/>
						<line number="3300" hits="1"/>
						<line number="3308" hits="0"/>
						<line number="3312" hits="1"/>
						<line number="3320" hits="0"/>
						<line number="3324" hits="1"/>
						<line number="3332" hits="0"/>
						<line number="3336" hits="1"/>
						<line number="3344" hits="0"/>
						<line number="3348" hits="1"/>
						<line number="3356" hits="0"/>
						<line number="3360" hits="1"/>
						<line number="3368" hits="0"/>
						<line number="3372" hits="1"/>
						<line number="3380" hits="0"/>
						<line number="3384" hits="1"/>
						<line number="3392" hits="0"/>
						<line number="3396" hits="1"/>
						<line number="3404" hits="0"/>
						<line number="3408" hits="1"/>
						<line number="3416" hits="0"/>
						<line number="3420" hits="1"/>
						<line number="3428" hits="0"/>
						<line number="3432" hits="1"/>
						<line number="3440" hits="0"/>
						<line number="3444" hits="1"/>
						<line number="3452" hits="0"/>
						<line number="3456" hits="1"/>
						<line number="3464" hits="0"/>
						<line number="3468" hits="1"/>
						<line number="3476" hits="0"/>
						<line number="3480" hits="1"/>
						<line number="3488" hits="0"/>
						<line number="3492" hits="1"/>
						<line number="3493" hits="1"/>
						<line number="3494" hits="1"/>
						<line number="3495" hits="1"/>
						<line number="3501" hits="1"/>
						<line number="3528" hits="0"/>
						<line number="3529" hits="0"/>
						<line number="3531" hits="0"/>
						<line number="3533" hits="1"/>
						<line number="3543" hits="0"/>
						<line number="3544" hits="0"/>
						<line number="3546" hits="0"/>
						<line number="3548" hits="1"/>
						<line number="3572" hits="0"/>
						<line number="3576" hits="0"/>
						<line number="3578" hits="1"/>
						<line number="3604" hits="0"/>
						<line number="3607" hits="0"/>
						<line number="3609" hits="1"/>
						<line number="3634" hits="0"/>
						<line number="3635" hits="0"/>
						<line number="3637" hits="1"/>
						<line number="3657" hits="0"/>
						<line number="3658" hits="0"/>
						<line number="3660" hits="1"/>
						<line number="3677" hits="0"/>
						<line number="3678" hits="0"/>
						<line number="3680" hits="1"/>
						<line number="3697" hits="0"/>
						<line number="3698" hits="0"/>
						<line number="3700" hits="1"/>
						<line number="3713" hits="0"/>
						<line number="3715" hits="1"/>
						<line number="3716" hits="0"/>
						<line number="3718" hits="1"/>
						<line number="3720" hits="1"/>
						<line number="3721" hits="0"/>
						<line number="3723" hits="1"/>
						<line number="3724" hits="1"/>
						<line number="3725" hits="1"/>
						<line number="3726" hits="1"/>
						<line number="3728" hits="1"/>
						<line number="3730" hits="1"/>
						<line number="3731" hits="0"/>
						<line number="3733" hits="1"/>
						<line number="3735" hits="1"/>
						<line number="3736" hits="0"/>
						<line number="3738" hits="1"/>
						<line number="3740" hits="1"/>
						<line number="3741" hits="0"/>
						<line number="3743" hits="1"/>
						<line number="3745" hits="1"/>
						<line number="3746" hits="0"/>
						<line number="3748" hits="1"/>
						<line number="3750" hits="1"/>
						<line number="3751" hits="0"/>
						<line number="3753" hits="1"/>
						<line number="3755" hits="1"/>
						<line number="3756" hits="0"/>
						<line number="3758" hits="1"/>
						<line number="3760" hits="1"/>
						<line number="3761" hits="0"/>
						<line number="3763" hits="1"/>
						<line number="3765" hits="1"/>
						<line number="3766" hits="0"/>
						<line number="3768" hits="1"/>
						<line number="3770" hits="1"/>
						<line number="3771" hits="0"/>
						<line number="3773" hits="1"/>
						<line number="3775" hits="1"/>
						<line number="3776" hits="0"/>
						<line number="3778" hits="1"/>
						<line number="3780" hits="1"/>
						<line number="3781" hits="0"/>
						<line number="3783" hits="1"/>
						<line number="3785" hits="1"/>
						<line number="3786" hits="0"/>
						<line number="3788" hits="1"/>
						<line number="3790" hits="1"/>
						<line number="3791" hits="0"/>
						<line number="3793" hits="1"/>
						<line number="3797" hits="1"/>
						<line number="3798" hits="1"/>
						<line number="3800" hits="1"/>
						<line number="3802" hits="1"/>
						<line number="3803" hits="0"/>
						<line number="3805" hits="1"/>
						<line number="3807" hits="1"/>
						<line number="3808" hits="0"/>
						<line number="3810" hits="1"/>
						<line number="3812" hits="1"/>
						<line number="3813" hits="0"/>
						<line number="3815" hits="1"/>
						<line number="3817" hits="1"/>
						<line number="3818" hits="0"/>
						<line number="3820" hits="1"/>
						<line number="3822" hits="1"/>
						<line number="3823" hits="1"/>
						<line number="3825" hits="1"/>
						<line number="3827" hits="1"/>
						<line number="3828" hits="1"/>
						<line number="3830" hits="1"/>
						<line number="3832" hits="1"/>
						<line number="3833" hits="1"/>
						<line number="3835" hits="1"/>
						<line number="3837" hits="1"/>
						<line number="3838" hits="1"/>
						<line number="3840" hits="1"/>
						<line number="3842" hits="1"/>
						<line number="3843" hits="1"/>
						<line number="3845" hits="1"/>
						<line number="3847" hits="1"/>
						<line number="3848" hits="1"/>
						<line number="3850" hits="1"/>
						<line number="3852" hits="1"/>
						<line number="3853" hits="1"/>
						<line number="3855" hits="1"/>
						<line number="3857" hits="1"/>
						<line number="3858" hits="1"/>
						<line number="3860" hits="1"/>
						<line number="3862" hits="1"/>
						<line number="3863" hits="1"/>
						<line number="3865" hits="1"/>
						<line number="3867" hits="1"/>
						<line number="3868" hits="1"/>
						<line number="3870" hits="1"/>
						<line number="3872" hits="1"/>
						<line number="3873" hits="1"/>
						<line number="3875" hits="1"/>
						<line number="3877" hits="1"/>
						<line number="3878" hits="1"/>
						<line number="3880" hits="1"/>
						<line number="3882" hits="1"/>
						<line number="3883" hits="1"/>
						<line number="3885" hits="1"/>
						<line number="3887" hits="1"/>
						<line number="3888" hits="1"/>
						<line number="3890" hits="1"/>
						<line number="3892" hits="1"/>
						<line number="3893" hits="1"/>
						<line number="3895" hits="1"/>
						<line number="3900" hits="1"/>
						<line number="3905" hits="1"/>
						<line number="3907" hits="1"/>
						<line number="3912" hits="1"/>
						<line number="3914" hits="1"/>
						<line number="3919" hits="1"/>
						<line number="3921" hits="1"/>
						<line number="3926" hits="1"/>
						<line number="3927" hits="1"/>
						<line number="3928" hits="1"/>
						<line number="3930" hits="1"/>
						<line number="3935" hits="1"/>
						<line number="3937" hits="1"/>
						<line number="3942" hits="1"/>
						<line number="3944" hits="1"/>
						<line number="3949" hits="1"/>
						<line number="3951" hits="1"/>
						<line number="3956" hits="1"/>
						<line number="3958" hits="1"/>
						<line number="3963" hits="1"/>
						<line number="3965" hits="1"/>
						<line number="3970" hits="1"/>
						<line number="3972" hits="1"/>
						<line number="3977" hits="1"/>
						<line number="3979" hits="1"/>
						<line number="3984" hits="1"/>
						<line number="3986" hits="1"/>
						<line number="3991" hits="1"/>
						<line number="3997" hits="1"/>
						<line number="3998" hits="0"/>
						<line number="4002" hits="1"/>
						<line number="4004" hits="1"/>
						<line number="4005" hits="0"/>
						<line number="4009" hits="1"/>
						<line number="4013" hits="1"/>
						<line number="4014" hits="0"/>
						<line number="4018" hits="1"/>
						<line number="4020" hits="1"/>
						<line number="4021" hits="0"/>
						<line number="4025" hits="1"/>
						<line number="4027" hits="1"/>
						<line number="4028" hits="0"/>
						<line number="4032" hits="1"/>
						<line number="4034" hits="1"/>
						<line number="4035" hits="0"/>
						<line number="4039" hits="1"/>
						<line number="4045" hits="1"/>
						<line number="4046" hits="0"/>
						<line number="4050" hits="1"/>
						<line number="4054" hits="1"/>
						<line number="4055" hits="0"/>
						<line number="4059" hits="1"/>
						<line number="4063" hits="1"/>
						<line number="4064" hits="0"/>
						<line number="4068" hits="1"/>
						<line number="4072" hits="1"/>
						<line number="4073" hits="0"/>
						<line number="4077" hits="1"/>
						<line number="4081" hits="1"/>
						<line number="4082" hits="0"/>
						<line number="4086" hits="1"/>
						<line number="4090" hits="1"/>
						<line number="4091" hits="0"/>
						<line number="4095" hits="1"/>
						<line number="4097" hits="1"/>
						<line number="4098" hits="0"/>
						<line number="4102" hits="1"/>
						<line number="4106" hits="1"/>
						<line number="4107" hits="0"/>
						<line number="4111" hits="1"/>
						<line number="4115" hits="1"/>
						<line number="4116" hits="0"/>
						<line number="4120" hits="1"/>
						<line number="4122" hits="1"/>
						<line number="4123" hits="0"/>
						<line number="4127" hits="1"/>
						<line number="4129" hits="1"/>
						<line number="4130" hits="0"/>
						<line number="4134" hits="1"/>
						<line number="4138" hits="1"/>
						<line number="4139" hits="0"/>
						<line number="4143" hits="1"/>
						<line number="4145" hits="1"/>
						<line number="4146" hits="0"/>
						<line number="4150" hits="1"/>
						<line number="4156" hits="1"/>
						<line number="4157" hits="0"/>
						<line number="4161" hits="1"/>
						<line number="4163" hits="1"/>
						<line number="4164" hits="0"/>
						<line number="4168" hits="1"/>
						<line number="4172" hits="1"/>
						<line number="4173" hits="0"/>
						<line number="4177" hits="1"/>
						<line number="4181" hits="1"/>
						<line number="4182" hits="0"/>
						<line number="4186" hits="1"/>
						<line number="4190" hits="1"/>
						<line number="4193" hits="0"/>
						<line number="4201" hits="1"/>
						<line number="4205" hits="1"/>
						<line number="4206" hits="0"/>
						<line number="4210" hits="1"/>
						<line number="4214" hits="1"/>
						<line number="4217" hits="0"/>
						<line number="4225" hits="1"/>
						<line number="4229" hits="1"/>
						<line number="4230" hits="0"/>
						<line number="4234" hits="1"/>
						<line number="4236" hits="1"/>
						<line number="4237" hits="0"/>
						<line number="4241" hits="1"/>
						<line number="4243" hits="1"/>
						<line number="4244" hits="0"/>
						<line number="4248" hits="1"/>
						<line number="4252" hits="1"/>
						<line number="4253" hits="0"/>
						<line number="4257" hits="1"/>
						<line number="4261" hits="1"/>
						<line number="4262" hits="0"/>
						<line number="4266" hits="1"/>
						<line number="4270" hits="1"/>
						<line number="4271" hits="0"/>
						<line number="4275" hits="1"/>
						<line number="4279" hits="1"/>
						<line number="4280" hits="0"/>
						<line number="4284" hits="1"/>
						<line number="4288" hits="1"/>
						<line number="4289" hits="0"/>
						<line number="4293" hits="1"/>
						<line number="4297" hits="1"/>
						<line number="4298" hits="0"/>
						<line number="4302" hits="1"/>
						<line number="4306" hits="1"/>
						<line number="4309" hits="0"/>
						<line number="4317" hits="1"/>
						<line number="4321" hits="1"/>
						<line number="4322" hits="0"/>
						<line number="4326" hits="1"/>
						<line number="4330" hits="1"/>
						<line number="4331" hits="0"/>
						<line number="4335" hits="1"/>
						<line number="4337" hits="1"/>
						<line number="4338" hits="0"/>
						<line number="4342" hits="1"/>
						<line number="4346" hits="1"/>
						<line number="4349" hits="0"/>
						<line number="4357" hits="1"/>
						<line number="4361" hits="1"/>
						<line number="4362" hits="0"/>
						<line number="4370" hits="1"/>
						<line number="4374" hits="1"/>
						<line number="4375" hits="0"/>
						<line number="4379" hits="1"/>
						<line number="4381" hits="1"/>
						<line number="4382" hits="0"/>
						<line number="4386" hits="1"/>
						<line number="4390" hits="1"/>
						<line number="4391" hits="0"/>
						<line number="4395" hits="1"/>
						<line number="4397" hits="1"/>
						<line number="4398" hits="0"/>
						<line number="4402" hits="1"/>
						<line number="4403" hits="0"/>
						<line number="4407" hits="1"/>
						<line number="4411" hits="1"/>
						<line number="4412" hits="0"/>
						<line number="4416" hits="1"/>
						<line number="4420" hits="1"/>
						<line number="4421" hits="0"/>
						<line number="4425" hits="1"/>
						<line number="4429" hits="1"/>
						<line number="4430" hits="0"/>
						<line number="4434" hits="1"/>
						<line number="4438" hits="1"/>
						<line number="4439" hits="0"/>
						<line number="4443" hits="1"/>
						<line number="4447" hits="1"/>
						<line number="4448" hits="0"/>
						<line number="4452" hits="1"/>
						<line number="4456" hits="1"/>
						<line number="4457" hits="0"/>
						<line number="4465" hits="1"/>
						<line number="4469" hits="1"/>
						<line number="4470" hits="0"/>
						<line number="4474" hits="1"/>
						<line number="4478" hits="1"/>
						<line number="4481" hits="0"/>
						<line number="4489" hits="1"/>
						<line number="4493" hits="1"/>
						<line number="4494" hits="0"/>
						<line number="4498" hits="1"/>
						<line number="4502" hits="1"/>
						<line number="4503" hits="0"/>
						<line number="4507" hits="1"/>
						<line number="4511" hits="1"/>
						<line number="4512" hits="0"/>
						<line number="4520" hits="1"/>
						<line number="4524" hits="1"/>
						<line number="4525" hits="0"/>
						<line number="4529" hits="1"/>
						<line number="4533" hits="1"/>
						<line number="4534" hits="0"/>
						<line number="4538" hits="1"/>
						<line number="4542" hits="1"/>
						<line number="4543" hits="0"/>
						<line number="4547" hits="1"/>
						<line number="4551" hits="1"/>
						<line number="4552" hits="0"/>
						<line number="4556" hits="1"/>
						<line number="4558" hits="1"/>
						<line number="4559" hits="0"/>
						<line number="4567" hits="1"/>
						<line number="4571" hits="1"/>
						<line number="4572" hits="0"/>
						<line number="4580" hits="1"/>
						<line number="4584" hits="1"/>
						<line number="4585" hits="0"/>
						<line number="4589" hits="1"/>
						<line number="4593" hits="1"/>
						<line number="4594" hits="0"/>
						<line number="4598" hits="1"/>
						<line number="4602" hits="1"/>
						<line number="4603" hits="0"/>
						<line number="4607" hits="1"/>
						<line number="4611" hits="1"/>
						<line number="4612" hits="0"/>
						<line number="4616" hits="1"/>
						<line number="4618" hits="1"/>
						<line number="4619" hits="0"/>
						<line number="4623" hits="1"/>
						<line number="4627" hits="1"/>
						<line number="4628" hits="0"/>
						<line number="4632" hits="1"/>
						<line number="4636" hits="1"/>
						<line number="4637" hits="0"/>
						<line number="4645" hits="1"/>
						<line number="4649" hits="1"/>
						<line number="4650" hits="0"/>
						<line number="4654" hits="1"/>
						<line number="4658" hits="1"/>
						<line number="4659" hits="0"/>
						<line number="4663" hits="1"/>
						<line number="4667" hits="1"/>
						<line number="4668" hits="0"/>
						<line number="4672" hits="1"/>
						<line number="4673" hits="0"/>
						<line number="4677" hits="1"/>
						<line number="4678" hits="0"/>
						<line number="4682" hits="1"/>
						<line number="4686" hits="1"/>
						<line number="4687" hits="0"/>
						<line number="4691" hits="1"/>
						<line number="4695" hits="1"/>
						<line number="4696" hits="0"/>
						<line number="4700" hits="1"/>
						<line number="4702" hits="1"/>
						<line number="4703" hits="0"/>
						<line number="4707" hits="1"/>
						<line number="4711" hits="1"/>
						<line number="4712" hits="0"/>
						<line number="4716" hits="1"/>
						<line number="4720" hits="1"/>
						<line number="4721" hits="0"/>
						<line number="4725" hits="1"/>
						<line number="4729" hits="1"/>
						<line number="4730" hits="0"/>
						<line number="4734" hits="1"/>
						<line number="4738" hits="1"/>
						<line number="4739" hits="0"/>
						<line number="4743" hits="1"/>
						<line number="4747" hits="1"/>
						<line number="4748" hits="0"/>
						<line number="4756" hits="1"/>
						<line number="4760" hits="1"/>
						<line number="4761" hits="0"/>
						<line number="4765" hits="1"/>
						<line number="4769" hits="1"/>
						<line number="4770" hits="0"/>
						<line number="4774" hits="1"/>
						<line number="4776" hits="1"/>
						<line number="4777" hits="0"/>
						<line number="4781" hits="1"/>
						<line number="4785" hits="1"/>
						<line number="4786" hits="0"/>
						<line number="4794" hits="1"/>
						<line number="4798" hits="1"/>
						<line number="4799" hits="0"/>
						<line number="4803" hits="1"/>
						<line number="4807" hits="1"/>
						<line number="4808" hits="0"/>
						<line number="4812" hits="1"/>
						<line number="4816" hits="1"/>
						<line number="4817" hits="0"/>
						<line number="4821" hits="1"/>
						<line number="4825" hits="1"/>
						<line number="4826" hits="0"/>
						<line number="4830" hits="1"/>
						<line number="4834" hits="1"/>
						<line number="4835" hits="0"/>
						<line number="4839" hits="1"/>
						<line number="4841" hits="1"/>
						<line number="4842" hits="0"/>
						<line number="4846" hits="1"/>
						<line number="4848" hits="1"/>
						<line number="4849" hits="0"/>
						<line number="4853" hits="1"/>
						<line number="4854" hits="0"/>
						<line number="4862" hits="1"/>
						<line number="4866" hits="1"/>
						<line number="4867" hits="0"/>
						<line number="4871" hits="1"/>
						<line number="4875" hits="1"/>
						<line number="4876" hits="0"/>
						<line number="4880" hits="1"/>
						<line number="4881" hits="0"/>
						<line number="4885" hits="1"/>
						<line number="4886" hits="0"/>
						<line number="4890" hits="1"/>
						<line number="4894" hits="1"/>
						<line number="4895" hits="0"/>
						<line number="4899" hits="1"/>
						<line number="4901" hits="1"/>
						<line number="4902" hits="0"/>
						<line number="4906" hits="1"/>
						<line number="4910" hits="1"/>
						<line number="4911" hits="0"/>
						<line number="4919" hits="1"/>
						<line number="4923" hits="1"/>
						<line number="4924" hits="0"/>
						<line number="4932" hits="1"/>
						<line number="4936" hits="1"/>
						<line number="4937" hits="0"/>
						<line number="4945" hits="1"/>
						<line number="4949" hits="1"/>
						<line number="4952" hits="0"/>
						<line number="4960" hits="1"/>
						<line number="4964" hits="1"/>
						<line number="4965" hits="0"/>
						<line number="4973" hits="1"/>
						<line number="4977" hits="1"/>
						<line number="4978" hits="0"/>
						<line number="4982" hits="1"/>
						<line number="4986" hits="1"/>
						<line number="4989" hits="0"/>
						<line number="4997" hits="1"/>
						<line number="5001" hits="1"/>
						<line number="5002" hits="0"/>
						<line number="5006" hits="1"/>
						<line number="5010" hits="1"/>
						<line number="5011" hits="0"/>
						<line number="5015" hits="1"/>
						<line number="5019" hits="1"/>
						<line number="5020" hits="0"/>
						<line number="5024" hits="1"/>
						<line number="5026" hits="1"/>
						<line number="5027" hits="0"/>
						<line number="5031" hits="1"/>
						<line number="5035" hits="1"/>
						<line number="5036" hits="0"/>
						<line number="5040" hits="1"/>
						<line number="5042" hits="1"/>
						<line number="5043" hits="0"/>
						<line number="5047" hits="1"/>
						<line number="5048" hits="0"/>
						<line number="5052" hits="1"/>
						<line number="5056" hits="1"/>
						<line number="5057" hits="0"/>
						<line number="5061" hits="1"/>
						<line number="5063" hits="1"/>
						<line number="5064" hits="0"/>
						<line number="5068" hits="1"/>
						<line number="5070" hits="1"/>
						<line number="5071" hits="0"/>
						<line number="5075" hits="1"/>
						<line number="5079" hits="1"/>
						<line number="5080" hits="0"/>
						<line number="5088" hits="1"/>
						<line number="5092" hits="1"/>
						<line number="5093" hits="0"/>
						<line number="5097" hits="1"/>
						<line number="5101" hits="1"/>
						<line number="5102" hits="0"/>
						<line number="5106" hits="1"/>
						<line number="5110" hits="1"/>
						<line number="5111" hits="0"/>
						<line number="5119" hits="1"/>
						<line number="5123" hits="1"/>
						<line number="5124" hits="0"/>
						<line number="5132" hits="1"/>
						<line number="5136" hits="1"/>
						<line number="5137" hits="0"/>
						<line number="5141" hits="1"/>
						<line number="5143" hits="1"/>
						<line number="5144" hits="0"/>
						<line number="5148" hits="1"/>
						<line number="5152" hits="1"/>
						<line number="5153" hits="0"/>
						<line number="5157" hits="1"/>
						<line number="5159" hits="1"/>
						<line number="5160" hits="0"/>
						<line number="5168" hits="1"/>
						<line number="5172" hits="1"/>
						<line number="5173" hits="0"/>
						<line number="5177" hits="1"/>
						<line number="5181" hits="1"/>
						<line number="5182" hits="0"/>
						<line number="5190" hits="1"/>
						<line number="5194" hits="1"/>
						<line number="5195" hits="0"/>
						<line number="5199" hits="1"/>
						<line number="5203" hits="1"/>
						<line number="5204" hits="0"/>
						<line number="5212" hits="1"/>
						<line number="5216" hits="1"/>
						<line number="5217" hits="0"/>
						<line number="5221" hits="1"/>
						<line number="5225" hits="1"/>
						<line number="5226" hits="0"/>
						<line number="5230" hits="1"/>
						<line number="5234" hits="1"/>
						<line number="5235" hits="0"/>
						<line number="5239" hits="1"/>
						<line number="5243" hits="1"/>
						<line number="5244" hits="0"/>
						<line number="5248" hits="1"/>
						<line number="5252" hits="1"/>
						<line number="5253" hits="0"/>
						<line number="5257" hits="1"/>
						<line number="5261" hits="1"/>
						<line number="5262" hits="0"/>
						<line number="5266" hits="1"/>
						<line number="5270" hits="1"/>
						<line number="5271" hits="0"/>
						<line number="5275" hits="1"/>
						<line number="5276" hits="0"/>
						<line number="5280" hits="1"/>
						<line number="5281" hits="0"/>
						<line number="5285" hits="1"/>
						<line number="5289" hits="1"/>
						<line number="5290" hits="0"/>
						<line number="5294" hits="1"/>
						<line number="5298" hits="1"/>
						<line number="5299" hits="0"/>
						<line number="5303" hits="1"/>
						<line number="5307" hits="1"/>
						<line number="5308" hits="0"/>
						<line number="5312" hits="1"/>
						<line number="5314" hits="1"/>
						<line number="5317" hits="0"/>
						<line number="5325" hits="1"/>
						<line number="5327" hits="1"/>
						<line number="5328" hits="0"/>
						<line number="5332" hits="1"/>
						<line number="5336" hits="1"/>
						<line number="5337" hits="0"/>
						<line number="5341" hits="1"/>
						<line number="5343" hits="1"/>
						<line number="5344" hits="0"/>
						<line number="5348" hits="1"/>
						<line number="5352" hits="1"/>
						<line number="5353" hits="0"/>
						<line number="5357" hits="1"/>
						<line number="5358" hits="0"/>
						<line number="5362" hits="1"/>
						<line number="5366" hits="1"/>
						<line number="5367" hits="0"/>
						<line number="5371" hits="1"/>
						<line number="5375" hits="1"/>
						<line number="5376" hits="0"/>
						<line number="5384" hits="1"/>
						<line number="5388" hits="1"/>
						<line number="5389" hits="0"/>
						<line number="5393" hits="1"/>
						<line number="5397" hits="1"/>
						<line number="5398" hits="0"/>
						<line number="5402" hits="1"/>
						<line number="5406" hits="1"/>
						<line number="5407" hits="0"/>
						<line number="5411" hits="1"/>
						<line number="5415" hits="1"/>
						<line number="5416" hits="0"/>
						<line number="5420" hits="1"/>
						<line number="5421" hits="0"/>
						<line number="5425" hits="1"/>
						<line number="5429" hits="1"/>
						<line number="5430" hits="0"/>
						<line number="5438" hits="1"/>
						<line number="5442" hits="1"/>
						<line number="5443" hits="0"/>
						<line number="5451" hits="1"/>
						<line number="5455" hits="1"/>
						<line number="5456" hits="0"/>
						<line number="5464" hits="1"/>
						<line number="5468" hits="1"/>
						<line number="5469" hits="0"/>
						<line number="5473" hits="1"/>
						<line number="5474" hits="0"/>
						<line number="5482" hits="1"/>
						<line number="5486" hits="1"/>
						<line number="5487" hits="0"/>
						<line number="5491" hits="1"/>
						<line number="5495" hits="1"/>
						<line number="5496" hits="0"/>
						<line number="5500" hits="1"/>
						<line number="5502" hits="1"/>
						<line number="5503" hits="0"/>
						<line number="5507" hits="1"/>
						<line number="5511" hits="1"/>
						<line number="5512" hits="0"/>
						<line number="5516" hits="1"/>
						<line number="5520" hits="1"/>
						<line number="5521" hits="0"/>
						<line number="5525" hits="1"/>
						<line number="5529" hits="1"/>
						<line number="5530" hits="0"/>
						<line number="5534" hits="1"/>
						<line number="5538" hits="1"/>
						<line number="5539" hits="0"/>
						<line number="5543" hits="1"/>
						<line number="5547" hits="1"/>
						<line number="5548" hits="0"/>
						<line number="5552" hits="1"/>
						<line number="5554" hits="1"/>
						<line number="5557" hits="0"/>
						<line number="5565" hits="1"/>
						<line number="5569" hits="1"/>
						<line number="5570" hits="0"/>
						<line number="5574" hits="1"/>
						<line number="5578" hits="1"/>
						<line number="5579" hits="0"/>
						<line number="5587" hits="1"/>
						<line number="5591" hits="1"/>
						<line number="5592" hits="0"/>
						<line number="5596" hits="1"/>
						<line number="5598" hits="1"/>
						<line number="5599" hits="0"/>
						<line number="5603" hits="1"/>
						<line number="5607" hits="1"/>
						<line number="5608" hits="0"/>
						<line number="5612" hits="1"/>
						<line number="5616" hits="1"/>
						<line number="5617" hits="0"/>
						<line number="5621" hits="1"/>
						<line number="5625" hits="1"/>
						<line number="5626" hits="0"/>
						<line number="5630" hits="1"/>
						<line number="5634" hits="1"/>
						<line number="5635" hits="0"/>
						<line number="5643" hits="1"/>
						<line number="5647" hits="1"/>
						<line number="5648" hits="0"/>
						<line number="5652" hits="1"/>
						<line number="5656" hits="1"/>
						<line number="5657" hits="0"/>
						<line number="5661" hits="1"/>
						<line number="5663" hits="1"/>
						<line number="5664" hits="0"/>
						<line number="5668" hits="1"/>
						<line number="5672" hits="1"/>
						<line number="5673" hits="0"/>
						<line number="5677" hits="1"/>
						<line number="5681" hits="1"/>
						<line number="5682" hits="0"/>
						<line number="5686" hits="1"/>
						<line number="5687" hits="0"/>
						<line number="5695" hits="1"/>
						<line number="5699" hits="1"/>
						<line number="5702" hits="0"/>
						<line number="5710" hits="1"/>
						<line number="5714" hits="1"/>
						<line number="5715" hits="0"/>
						<line number="5723" hits="1"/>
						<line number="5727" hits="1"/>
						<line number="5728" hits="0"/>
						<line number="5732" hits="1"/>
						<line number="5736" hits="1"/>
						<line number="5737" hits="0"/>
						<line number="5745" hits="1"/>
						<line number="5749" hits="1"/>
						<line number="5750" hits="0"/>
						<line number="5754" hits="1"/>
						<line number="5756" hits="1"/>
						<line number="5757" hits="0"/>
						<line number="5765" hits="1"/>
						<line number="5769" hits="1"/>
						<line number="5770" hits="0"/>
						<line number="5774" hits="1"/>
						<line number="5778" hits="1"/>
						<line number="5779" hits="0"/>
						<line number="5783" hits="1"/>
						<line number="5785" hits="1"/>
						<line number="5786" hits="0"/>
						<line number="5790" hits="1"/>
						<line number="5794" hits="1"/>
						<line number="5795" hits="0"/>
						<line number="5799" hits="1"/>
						<line number="5803" hits="1"/>
						<line number="5804" hits="0"/>
						<line number="5808" hits="1"/>
						<line number="5810" hits="1"/>
						<line number="5811" hits="0"/>
						<line number="5815" hits="1"/>
						<line number="5819" hits="1"/>
						<line number="5820" hits="0"/>
						<line number="5828" hits="1"/>
						<line number="5832" hits="1"/>
						<line number="5833" hits="0"/>
						<line number="5837" hits="1"/>
						<line number="5839" hits="1"/>
						<line number="5840" hits="0"/>
						<line number="5844" hits="1"/>
						<line number="5845" hits="0"/>
						<line number="5853" hits="1"/>
						<line number="5857" hits="1"/>
						<line number="5858" hits="0"/>
[...]
						<line number="187" hits="1"/>
						<line number="188" hits="1"/>
						<line number="191" hits="1"/>
						<line number="192" hits="1"/>
						<line number="193" hits="0"/>
						<line number="194" hits="0"/>
						<line number="195" hits="1"/>
						<line number="196" hits="1"/>
						<line number="197" hits="1"/>
						<line number="200" hits="1"/>
						<line number="201" hits="1"/>
						<line number="202" hits="1"/>
						<line number="205" hits="1"/>
						<line number="206" hits="1"/>
						<line number="207" hits="1"/>
						<line number="208" hits="1"/>
						<line number="209" hits="1"/>
						<line number="211" hits="1"/>
						<line number="214" hits="1"/>
						<line number="215" hits="1"/>
						<line number="217" hits="1"/>
						<line number="218" hits="1"/>
						<line number="219" hits="1"/>
						<line number="226" hits="1"/>
						<line number="227" hits="1"/>
						<line number="234" hits="1"/>
						<line number="235" hits="1"/>
						<line number="242" hits="1"/>
						<line number="248" hits="1"/>
						<line number="249" hits="1"/>
						<line number="256" hits="1"/>
						<line number="257" hits="0"/>
						<line number="258" hits="0"/>
						<line number="260" hits="1"/>
						<line number="261" hits="1"/>
						<line number="263" hits="1"/>
						<line number="264" hits="1"/>
						<line number="265" hits="1"/>
						<line number="266" hits="1"/>
						<line number="267" hits="1"/>
						<line number="271" hits="1"/>
						<line number="272" hits="1"/>
						<line number="273" hits="1"/>
						<line number="274" hits="1"/>
						<line number="275" hits="1"/>
						<line number="277" hits="1"/>
						<line number="279" hits="1"/>
						<line number="281" hits="1"/>
						<line number="282" hits="1"/>
						<line number="283" hits="1"/>
						<line number="284" hits="1"/>
						<line number="285" hits="1"/>
						<line number="288" hits="1"/>
						<line number="289" hits="1"/>
						<line number="290" hits="1"/>
						<line number="291" hits="1"/>
						<line number="292" hits="1"/>
						<line number="294" hits="1"/>
						<line number="295" hits="0"/>
						<line number="299" hits="0"/>
						<line number="301" hits="1"/>
						<line number="302" hits="1"/>
						<line number="303" hits="1"/>
						<line number="305" hits="1"/>
						<line number="306" hits="1"/>
						<line number="307" hits="1"/>
						<line number="309" hits="1"/>
						<line number="310" hits="1"/>
						<line number="312" hits="1"/>
						<line number="314" hits="1"/>
						<line number="315" hits="1"/>
					</lines>
				</class>
				<class name="streams.py" filename="ws/streams.py" complexity="0" line-rate="0.6825" branch-rate="0">
					<methods/>
					<lines>
						<line number="1" hits="1"/>
						<line number="2" hits="1"/>
						<line number="3" hits="1"/>
						<line number="4" hits="1"/>
						<line number="5" hits="1"/>
						<line number="7" hits="1"/>
						<line number="8" hits="1"/>
						<line number="9" hits="1"/>
						<line number="10" hits="1"/>
						<line number="13" hits="1"/>
						<line number="14" hits="1"/>
						<line number="15" hits="1"/>
						<line number="16" hits="1"/>
						<line number="19" hits="1"/>
						<line number="20" hits="1"/>
						<line number="21" hits="1"/>
						<line number="22" hits="1"/>
						<line number="23" hits="1"/>
						<line number="24" hits="1"/>
						<line number="27" hits="1"/>
						<line number="28" hits="1"/>
						<line number="29" hits="1"/>
						<line number="30" hits="1"/>
						<line number="31" hits="1"/>
						<line number="32" hits="1"/>
						<line number="33" hits="1"/>
						<line number="34" hits="1"/>
						<line number="35" hits="1"/>
						<line number="36" hits="1"/>
						<line number="37" hits="1"/>
						<line number="39" hits="1"/>
						<line number="40" hits="1"/>
						<line number="41" hits="1"/>
						<line number="43" hits="1"/>
						<line number="60" hits="1"/>
						<line number="61" hits="1"/>
						<line number="62" hits="1"/>
						<line number="63" hits="1"/>
						<line number="65" hits="1"/>
						<line number="66" hits="1"/>
						<line number="67" hits="1"/>
						<line number="68" hits="1"/>
						<line number="69" hits="1"/>
						<line number="70" hits="1"/>
						<line number="71" hits="1"/>
						<line number="72" hits="1"/>
						<line number="73" hits="1"/>
						<line number="75" hits="1"/>
						<line number="76" hits="1"/>
						<line number="78" hits="1"/>
						<line number="79" hits="1"/>
						<line number="80" hits="1"/>
						<line number="81" hits="1"/>
						<line number="82" hits="1"/>
						<line number="83" hits="1"/>
						<line number="84" hits="0"/>
						<line number="85" hits="0"/>
						<line number="86" hits="1"/>
						<line number="88" hits="1"/>
						<line number="96" hits="1"/>
						<line number="97" hits="1"/>
						<line number="98" hits="1"/>
						<line number="99" hits="1"/>
						<line number="100" hits="1"/>
						<line number="101" hits="1"/>
						<line number="112" hits="1"/>
						<line number="114" hits="1"/>
						<line number="121" hits="1"/>
						<line number="122" hits="1"/>
						<line number="123" hits="1"/>
						<line number="135" hits="1"/>
						<line number="137" hits="1"/>
						<line number="140" hits="1"/>
						<line number="141" hits="1"/>
						<line number="142" hits="1"/>
						<line number="143" hits="1"/>
						<line number="144" hits="1"/>
						<line number="145" hits="0"/>
						<line number="146" hits="0"/>
						<line number="148" hits="0"/>
						<line number="149" hits="0"/>
						<line number="150" hits="0"/>
						<line number="151" hits="0"/>
						<line number="152" hits="0"/>
						<line number="153" hits="1"/>
						<line number="155" hits="1"/>
						<line number="156" hits="1"/>
						<line number="157" hits="1"/>
						<line number="165" hits="1"/>
						<line number="166" hits="1"/>
						<line number="168" hits="1"/>
						<line number="234" hits="1"/>
						<line number="235" hits="1"/>
						<line number="236" hits="0"/>
						<line number="237" hits="1"/>
						<line number="238" hits="0"/>
						<line number="239" hits="0"/>
						<line number="241" hits="0"/>
						<line number="244" hits="1"/>
						<line number="246" hits="1"/>
						<line number="287" hits="1"/>
						<line number="288" hits="1"/>
						<line number="290" hits="1"/>
						<line number="341" hits="0"/>
						<line number="342" hits="0"/>
						<line number="344" hits="1"/>
						<line number="374" hits="0"/>
						<line number="376" hits="1"/>
						<line number="406" hits="1"/>
						<line number="408" hits="1"/>
						<line number="437" hits="0"/>
						<line number="439" hits="1"/>
						<line number="467" hits="0"/>
						<line number="471" hits="1"/>
						<line number="498" hits="0"/>
						<line number="500" hits="1"/>
						<line number="541" hits="1"/>
						<line number="543" hits="1"/>
						<line number="585" hits="0"/>
						<line number="587" hits="1"/>
						<line number="623" hits="1"/>
						<line number="625" hits="1"/>
						<line number="661" hits="0"/>
						<line number="663" hits="1"/>
						<line number="679" hits="0"/>
						<line number="680" hits="0"/>
						<line number="684" hits="1"/>
						<line number="707" hits="0"/>
						<line number="708" hits="0"/>
						<line number="712" hits="1"/>
						<line number="735" hits="0"/>
						<line number="736" hits="0"/>
						<line number="738" hits="1"/>
						<line number="759" hits="0"/>
						<line number="763" hits="1"/>
						<line number="780" hits="0"/>
						<line number="784" hits="1"/>
						<line number="813" hits="0"/>
						<line number="815" hits="1"/>
						<line number="839" hits="0"/>
						<line number="841" hits="1"/>
						<line number="857" hits="0"/>
						<line number="859" hits="1"/>
						<line number="877" hits="1"/>
						<line number="878" hits="1"/>
						<line number="880" hits="1"/>
						<line number="886" hits="1"/>
						<line number="887" hits="1"/>
						<line number="888" hits="1"/>
						<line number="890" hits="1"/>
						<line number="910" hits="1"/>
						<line number="911" hits="1"/>
						<line number="915" hits="1"/>
						<line number="925" hits="1"/>
						<line number="926" hits="1"/>
						<line number="927" hits="1"/>
						<line number="928" hits="0"/>
						<line number="929" hits="0"/>
						<line number="930" hits="1"/>
						<line number="932" hits="1"/>
						<line number="942" hits="1"/>
						<line number="943" hits="1"/>
						<line number="944" hits="1"/>
						<line number="945" hits="0"/>
						<line number="946" hits="0"/>
						<line number="947" hits="1"/>
						<line number="949" hits="1"/>
						<line number="959" hits="0"/>
						<line number="961" hits="1"/>
						<line number="970" hits="0"/>
						<line number="971" hits="0"/>
						<line number="972" hits="0"/>
						<line number="973" hits="0"/>
						<line number="974" hits="0"/>
						<line number="975" hits="0"/>
						<line number="977" hits="1"/>
						<line number="986" hits="0"/>
						<line number="987" hits="0"/>
						<line number="988" hits="0"/>
						<line number="989" hits="0"/>
						<line number="990" hits="0"/>
						<line number="991" hits="0"/>
						<line number="993" hits="1"/>
						<line number="1002" hits="0"/>
						<line number="1003" hits="0"/>
						<line number="1004" hits="0"/>
						<line number="1005" hits="0"/>
						<line number="1006" hits="0"/>
						<line number="1007" hits="0"/>
						<line number="1009" hits="1"/>
						<line number="1018" hits="0"/>
						<line number="1019" hits="0"/>
						<line number="1020" hits="0"/>
						<line number="1021" hits="0"/>
						<line number="1022" hits="0"/>
						<line number="1023" hits="0"/>
						<line number="1024" hits="0"/>
						<line number="1026" hits="1"/>
						<line number="1038" hits="0"/>
						<line number="1039" hits="0"/>
						<line number="1040" hits="0"/>
						<line number="1041" hits="0"/>
						<line number="1042" hits="0"/>
						<line number="1043" hits="0"/>
						<line number="1045" hits="1"/>
						<line number="1056" hits="1"/>
						<line number="1058" hits="1"/>
						<line number="1071" hits="1"/>
						<line number="1073" hits="1"/>
						<line number="1084" hits="1"/>
						<line number="1086" hits="1"/>
						<line number="1106" hits="1"/>
						<line number="1108" hits="1"/>
						<line number="1121" hits="1"/>
						<line number="1123" hits="1"/>
						<line number="1136" hits="0"/>
						<line number="1140" hits="1"/>
						<line number="1159" hits="0"/>
						<line number="1161" hits="1"/>
						<line number="1182" hits="1"/>
						<line number="1186" hits="1"/>
						<line number="1204" hits="1"/>
						<line number="1206" hits="1"/>
						<line number="1222" hits="1"/>
						<line number="1224" hits="1"/>
						<line number="1232" hits="1"/>
						<line number="1233" hits="1"/>
						<line number="1235" hits="1"/>
						<line number="1238" hits="1"/>
						<line number="1239" hits="1"/>
						<line number="1251" hits="1"/>
						<line number="1261" hits="1"/>
						<line number="1262" hits="1"/>
						<line number="1264" hits="1"/>
						<line number="1265" hits="1"/>
						<line number="1266" hits="1"/>
						<line number="1270" hits="1"/>
						<line number="1277" hits="1"/>
						<line number="1278" hits="1"/>
						<line number="1279" hits="1"/>
						<line number="1280" hits="1"/>
						<line number="1283" hits="1"/>
						<line number="1284" hits="1"/>
						<line number="1285" hits="1"/>
						<line number="1286" hits="1"/>
						<line number="1287" hits="1"/>
						<line number="1290" hits="1"/>
						<line number="1292" hits="1"/>
						<line number="1299" hits="1"/>
						<line number="1309" hits="1"/>
						<line number="1315" hits="1"/>
						<line number="1324" hits="1"/>
						<line number="1332" hits="0"/>
						<line number="1343" hits="1"/>
						<line number="1346" hits="0"/>
						<line number="1354" hits="1"/>
						<line number="1355" hits="0"/>
						<line number="1363" hits="1"/>
						<line number="1364" hits="0"/>
						<line number="1372" hits="1"/>
						<line number="1378" hits="0"/>
						<line number="1387" hits="1"/>
						<line number="1388" hits="0"/>
						<line number="1396" hits="1"/>
						<line number="1397" hits="0"/>
						<line number="1405" hits="1"/>
						<line number="1406" hits="0"/>
						<line number="1410" hits="1"/>
						<line number="1413" hits="0"/>
						<line number="1419" hits="1"/>
						<line number="1426" hits="0"/>
						<line number="1432" hits="1"/>
						<line number="1438" hits="0"/>
						<line number="1444" hits="1"/>
						<line number="1450" hits="0"/>
						<line number="1456" hits="1"/>
						<line number="1462" hits="0"/>
						<line number="1468" hits="1"/>
						<line number="1471" hits="0"/>
						<line number="1477" hits="1"/>
						<line number="1478" hits="0"/>
						<line number="1484" hits="1"/>
						<line number="1485" hits="0"/>
						<line number="1489" hits="1"/>
						<line number="1490" hits="1"/>
						<line number="1496" hits="1"/>
						<line number="1499" hits="0"/>
						<line number="1505" hits="1"/>
						<line number="1511" hits="1"/>
						<line number="1517" hits="1"/>
						<line number="1518" hits="0"/>
						<line number="1522" hits="1"/>
						<line number="1523" hits="0"/>
						<line number="1527" hits="1"/>
						<line number="1528" hits="0"/>
						<line number="1532" hits="1"/>
						<line number="1533" hits="0"/>
						<line number="1537" hits="1"/>
						<line number="1538" hits="0"/>
						<line number="1542" hits="1"/>
						<line number="1543" hits="0"/>
						<line number="1547" hits="1"/>
						<line number="1548" hits="0"/>
						<line number="1554" hits="1"/>
						<line number="1555" hits="0"/>
						<line number="1561" hits="1"/>
						<line number="1564" hits="0"/>
						<line number="1570" hits="1"/>
						<line number="1573" hits="0"/>
						<line number="1579" hits="1"/>
						<line number="1585" hits="0"/>
						<line number="1591" hits="1"/>
						<line number="1594" hits="0"/>
						<line number="1600" hits="1"/>
						<line number="1607" hits="0"/>
					</lines>
				</class>
				<class name="threaded_stream.py" filename="ws/threaded_stream.py" complexity="0" line-rate="0.9853" branch-rate="0">
					<methods/>
					<lines>
						<line number="1" hits="1"/>
						<line number="2" hits="1"/>
						<line number="3" hits="1"/>
						<line number="4" hits="1"/>
						<line number="6" hits="1"/>
						<line number="7" hits="1"/>
						<line number="10" hits="1"/>
						<line number="11" hits="1"/>
						<line number="36" hits="1"/>
						<line number="37" hits="1"/>
						<line number="38" hits="1"/>
						<line number="39" hits="1"/>
						<line number="40" hits="1"/>
						<line number="41" hits="1"/>
						<line number="42" hits="1"/>
						<line number="43" hits="1"/>
						<line number="54" hits="1"/>
						<line number="55" hits="1"/>
						<line number="59" hits="1"/>
						<line number="60" hits="1"/>
						<line number="61" hits="1"/>
						<line number="64" hits="1"/>
						<line number="65" hits="1"/>
						<line number="66" hits="1"/>
						<line number="67" hits="1"/>
						<line number="68" hits="1"/>
						<line number="69" hits="1"/>
						<line number="70" hits="1"/>
						<line number="71" hits="1"/>
						<line number="72" hits="1"/>
						<line number="74" hits="1"/>
						<line number="75" hits="1"/>
						<line number="76" hits="1"/>
						<line number="77" hits="1"/>
						<line number="78" hits="1"/>
						<line number="79" hits="1"/>
						<line number="81" hits="1"/>
						<line number="82" hits="1"/>
						<line number="83" hits="1"/>
						<line number="84" hits="1"/>
						<line number="89" hits="1"/>
						<line number="90" hits="0"/>
						<line number="91" hits="1"/>
						<line number="92" hits="1"/>
						<line number="94" hits="1"/>
						<line number="95" hits="1"/>
						<line number="97" hits="1"/>
						<line number="98" hits="1"/>
						<line number="100" hits="1"/>
						<line number="101" hits="1"/>
						<line number="102" hits="1"/>
						<line number="104" hits="1"/>
						<line number="105" hits="1"/>
						<line number="106" hits="1"/>
						<line number="107" hits="1"/>
						<line number="109" hits="1"/>
						<line number="110" hits="1"/>
						<line number="111" hits="1"/>
						<line number="112" hits="1"/>
						<line number="113" hits="1"/>
						<line number="114" hits="1"/>
						<line number="115" hits="1"/>
						<line number="116" hits="1"/>
						<line number="119" hits="1"/>
						<line number="120" hits="1"/>
						<line number="122" hits="1"/>
						<line number="123" hits="1"/>
						<line number="124" hits="1"/>
					</lines>
				</class>
				<class name="websocket_api.py" filename="ws/websocket_api.py" complexity="0" line-rate="0.8488" branch-rate="0">
					<methods/>
					<lines>
						<line number="1" hits="1"/>
						<line number="2" hits="1"/>
						<line number="4" hits="1"/>
						<line number="6" hits="1"/>
						<line number="7" hits="1"/>
						<line number="8" hits="1"/>
						<line number="11" hits="1"/>
						<line number="12" hits="1"/>
						<line number="19" hits="1"/>
						<line number="20" hits="1"/>
						<line number="21" hits="1"/>
						<line number="22" hits="1"/>
						<line number="23" hits="1"/>
						<line number="27" hits="1"/>
						<line number="28" hits="1"/>
						<line number="29" hits="1"/>
						<line number="30" hits="1"/>
						<line number="31" hits="1"/>
						<line number="32" hits="1"/>
						<line number="34" hits="1"/>
						<line number="36" hits="1"/>
						<line number="37" hits="1"/>
						<line number="38" hits="1"/>
						<line number="39" hits="0"/>
						<line number="43" hits="1"/>
						<line number="44" hits="1"/>
						<line number="46" hits="1"/>
						<line number="47" hits="1"/>
						<line number="48" hits="1"/>
						<line number="49" hits="1"/>
						<line number="50" hits="1"/>
						<line number="51" hits="1"/>
						<line number="56" hits="1"/>
						<line number="57" hits="1"/>
						<line number="58" hits="1"/>
						<line number="60" hits="1"/>
						<line number="61" hits="1"/>
						<line number="62" hits="1"/>
						<line number="63" hits="0"/>
						<line number="65" hits="1"/>
						<line number="66" hits="1"/>
						<line number="68" hits="1"/>
						<line number="77" hits="1"/>
						<line number="78" hits="1"/>
						<line number="79" hits="1"/>
						<line number="84" hits="1"/>
						<line number="87" hits="1"/>
						<line number="88" hits="1"/>
						<line number="92" hits="0"/>
						<line number="93" hits="0"/>
						<line number="94" hits="0"/>
						<line number="96" hits="0"/>
						<line number="97" hits="0"/>
						<line number="98" hits="0"/>
						<line number="100" hits="0"/>
						<line number="101" hits="0"/>
						<line number="103" hits="1"/>
						<line number="104" hits="0"/>
						<line number="108" hits="1"/>
						<line number="110" hits="1"/>
						<line number="111" hits="1"/>
						<line number="112" hits="1"/>
						<line number="114" hits="1"/>
						<line number="116" hits="1"/>
						<line number="119" hits="1"/>
						<line number="120" hits="1"/>
						<line number="122" hits="1"/>
						<line number="124" hits="1"/>
						<line number="125" hits="0"/>
						<line number="128" hits="1"/>
						<line number="131" hits="1"/>
						<line number="134" hits="1"/>
						<line number="135" hits="0"/>
						<line number="137" hits="1"/>
						<line number="139" hits="1"/>
						<line number="140" hits="1"/>
						<line number="141" hits="1"/>
						<line number="142" hits="1"/>
						<line number="144" hits="1"/>
						<line number="146" hits="1"/>
						<line number="148" hits="1"/>
						<line number="149" hits="1"/>
						<line number="150" hits="1"/>
						<line number="151" hits="1"/>
						<line number="152" hits="1"/>
						<line number="155" hits="1"/>
					</lines>
				</class>
			</classes>
		</package>
	</packages>
</coverage>
