py: recreate env because python changed version_info=[3, 8, 20, 'final', 0]->[3, 12, 8, 'final', 0] | executable='/Users/pablo/.asdf/installs/python/3.8.20/bin/python3.8'->'/Users/pablo/.asdf/installs/python/3.12.8/bin/python3.12'
py: remove tox env folder /Users/pablo/github/python-binance/.tox/py
py: install_deps> python -I -m pip install -r test-requirements.txt -r requirements.txt
.pkg: _optional_hooks> python /Users/pablo/.asdf/installs/python/3.12.8/lib/python3.12/site-packages/pyproject_api/_backend.py True setuptools.build_meta __legacy__
.pkg: get_requires_for_build_sdist> python /Users/pablo/.asdf/installs/python/3.12.8/lib/python3.12/site-packages/pyproject_api/_backend.py True setuptools.build_meta __legacy__
.pkg: get_requires_for_build_wheel> python /Users/pablo/.asdf/installs/python/3.12.8/lib/python3.12/site-packages/pyproject_api/_backend.py True setuptools.build_meta __legacy__
.pkg: prepare_metadata_for_build_wheel> python /Users/pablo/.asdf/installs/python/3.12.8/lib/python3.12/site-packages/pyproject_api/_backend.py True setuptools.build_meta __legacy__
.pkg: build_sdist> python /Users/pablo/.asdf/installs/python/3.12.8/lib/python3.12/site-packages/pyproject_api/_backend.py True setuptools.build_meta __legacy__
py: install_package_deps> python -I -m pip install aiohttp dateparser pycryptodome requests six websockets
py: install_package> python -I -m pip install --force-reinstall --no-deps /Users/pablo/github/python-binance/.tox/.tmp/package/22/python_binance-1.0.29.tar.gz
py: commands[0]> pytest -n 1 -vvs tests/ --timeout=60 --doctest-modules --cov binance --cov-report term-missing --reruns 3 --reruns-delay 120
============================= test session starts ==============================
platform darwin -- Python 3.12.8, pytest-8.4.2, pluggy-1.6.0 -- /Users/pablo/github/python-binance/.tox/py/bin/python
cachedir: .tox/py/.pytest_cache
rootdir: /Users/pablo/github/python-binance
configfile: pytest.ini
plugins: asyncio-1.2.0, xdist-3.8.0, timeout-2.4.0, rerunfailures-16.0.1, requests-mock-1.12.1, cov-7.0.0
asyncio: mode=Mode.STRICT, debug=False, asyncio_default_fixture_loop_scope=None, asyncio_default_test_loop_scope=function
timeout: 60.0s
timeout method: signal
timeout func_only: False
created: 1/1 worker
1 worker [1015 items]

scheduling tests via LoadScheduling

tests/test_api_request.py::test_invalid_json
ROOT: [97667] KeyboardInterrupt - teardown started
ROOT: interrupt tox environment: py
ROOT: requested interrupt of 98584 from 97667, activate in 0.00
ROOT: send signal SIGINT(2) to 98584 from 97667 with timeout 0.30
[gw0] PASSED tests/test_api_request.py::test_invalid_json

=============================== warnings summary ===============================
binance/ws/websocket_api.py:4
binance/ws/websocket_api.py:4
binance/ws/websocket_api.py:4
binance/ws/websocket_api.py:4
  /Users/pablo/github/python-binance/binance/ws/websocket_api.py:4: DeprecationWarning: websockets.WebSocketClientProtocol is deprecated
    from websockets import WebSocketClientProtocol  # type: ignore

.tox/py/lib/python3.12/site-packages/websockets/legacy/__init__.py:6
.tox/py/lib/python3.12/site-packages/websockets/legacy/__init__.py:6
  /Users/pablo/github/python-binance/.tox/py/lib/python3.12/site-packages/websockets/legacy/__init__.py:6: DeprecationWarning: websockets.legacy is deprecated; see https://websockets.readthedocs.io/en/stable/howto/upgrade.html for upgrade instructions
    warnings.warn(  # deprecated in 14.0 - 2024-11-09

binance/helpers.py:96
  /Users/pablo/github/python-binance/binance/helpers.py:96: DeprecationWarning: There is no current event loop
    loop = asyncio.get_event_loop()

Traceback (most recent call last):
  File "/Users/pablo/github/python-binance/.tox/py/lib/python3.12/site-packages/_pytest/main.py", line 289, in wrap_session
tests/test_async_client_options.py:3
  /Users/pablo/github/python-binance/tests/test_async_client_options.py:3: PytestUnknownMarkWarning: Unknown pytest.mark.options - is this a typo?  You can register custom marks to avoid this warning - for details, see https://docs.pytest.org/en/stable/how-to/mark.html
    pytestmark = [pytest.mark.options, pytest.mark.asyncio]

tests/test_client_options.py:4
  /Users/pablo/github/python-binance/tests/test_client_options.py:4: PytestUnknownMarkWarning: Unknown pytest.mark.options - is this a typo?  You can register custom marks to avoid this warning - for details, see https://docs.pytest.org/en/stable/how-to/mark.html
    pytestmark = pytest.mark.options

tests/test_reconnecting_websocket.py:9
tests/test_reconnecting_websocket.py:9
  /Users/pablo/github/python-binance/tests/test_reconnecting_websocket.py:9: DeprecationWarning: websockets.WebSocketClientProtocol is deprecated
    from websockets import WebSocketClientProtocol  # type: ignore

    session.exitstatus = doit(config, session) or 0
                         ^^^^^^^^^^^^^^^^^^^^^
  File "/Users/pablo/github/python-binance/.tox/py/lib/python3.12/site-packages/_pytest/main.py", line 343, in _main
    config.hook.pytest_runtestloop(session=session)
  File "/Users/pablo/github/python-binance/.tox/py/lib/python3.12/site-packages/pluggy/_hooks.py", line 512, in __call__
-- Docs: https://docs.pytest.org/en/stable/how-to/capture-warnings.html
======================== 1 passed, 11 warnings in 2.83s ========================
    return self._hookexec(self.name, self._hookimpls.copy(), kwargs, firstresult)
           ^^^^^^^^^^^^^^^^^^^^^^^^^^^^^^^^^^^^^^^^^^^^^^^^^^^^^^^^^^^^^^^^^^^^^^
  File "/Users/pablo/github/python-binance/.tox/py/lib/python3.12/site-packages/pluggy/_manager.py", line 120, in _hookexec
    return self._inner_hookexec(hook_name, methods, kwargs, firstresult)
           ^^^^^^^^^^^^^^^^^^^^^^^^^^^^^^^^^^^^^^^^^^^^^^^^^^^^^^^^^^^^^
  File "/Users/pablo/github/python-binance/.tox/py/lib/python3.12/site-packages/pluggy/_callers.py", line 167, in _multicall
    raise exception
  File "/Users/pablo/github/python-binance/.tox/py/lib/python3.12/site-packages/pluggy/_callers.py", line 139, in _multicall
    teardown.throw(exception)
  File "/Users/pablo/github/python-binance/.tox/py/lib/python3.12/site-packages/_pytest/logging.py", line 801, in pytest_runtestloop
    return (yield)  # Run all the tests.
            ^^^^^
  File "/Users/pablo/github/python-binance/.tox/py/lib/python3.12/site-packages/pluggy/_callers.py", line 139, in _multicall
    teardown.throw(exception)
  File "/Users/pablo/github/python-binance/.tox/py/lib/python3.12/site-packages/_pytest/terminal.py", line 688, in pytest_runtestloop
    result = yield
             ^^^^^
  File "/Users/pablo/github/python-binance/.tox/py/lib/python3.12/site-packages/pluggy/_callers.py", line 139, in _multicall
    teardown.throw(exception)
  File "/Users/pablo/github/python-binance/.tox/py/lib/python3.12/site-packages/pytest_cov/plugin.py", line 345, in pytest_runtestloop
    result = yield
             ^^^^^
  File "/Users/pablo/github/python-binance/.tox/py/lib/python3.12/site-packages/pluggy/_callers.py", line 121, in _multicall
    res = hook_impl.function(*args)
          ^^^^^^^^^^^^^^^^^^^^^^^^^
  File "/Users/pablo/github/python-binance/.tox/py/lib/python3.12/site-packages/xdist/dsession.py", line 138, in pytest_runtestloop
    self.loop_once()
  File "/Users/pablo/github/python-binance/.tox/py/lib/python3.12/site-packages/xdist/dsession.py", line 154, in loop_once
    eventcall = self.queue.get(timeout=2.0)
                ^^^^^^^^^^^^^^^^^^^^^^^^^^^
  File "/Users/pablo/.asdf/installs/python/3.12.8/lib/python3.12/queue.py", line 180, in get
    self.not_empty.wait(remaining)
  File "/Users/pablo/.asdf/installs/python/3.12.8/lib/python3.12/threading.py", line 359, in wait
    gotit = waiter.acquire(True, timeout)
            ^^^^^^^^^^^^^^^^^^^^^^^^^^^^^
KeyboardInterrupt

During handling of the above exception, another exception occurred:

Traceback (most recent call last):
  File "/Users/pablo/github/python-binance/.tox/py/bin/pytest", line 8, in <module>
    sys.exit(console_main())
             ^^^^^^^^^^^^^^
  File "/Users/pablo/github/python-binance/.tox/py/lib/python3.12/site-packages/_pytest/config/__init__.py", line 201, in console_main
    code = main()
           ^^^^^^
  File "/Users/pablo/github/python-binance/.tox/py/lib/python3.12/site-packages/_pytest/config/__init__.py", line 175, in main
    ret: ExitCode | int = config.hook.pytest_cmdline_main(config=config)
                          ^^^^^^^^^^^^^^^^^^^^^^^^^^^^^^^^^^^^^^^^^^^^^^
  File "/Users/pablo/github/python-binance/.tox/py/lib/python3.12/site-packages/pluggy/_hooks.py", line 512, in __call__
    return self._hookexec(self.name, self._hookimpls.copy(), kwargs, firstresult)
           ^^^^^^^^^^^^^^^^^^^^^^^^^^^^^^^^^^^^^^^^^^^^^^^^^^^^^^^^^^^^^^^^^^^^^^
  File "/Users/pablo/github/python-binance/.tox/py/lib/python3.12/site-packages/pluggy/_manager.py", line 120, in _hookexec
    return self._inner_hookexec(hook_name, methods, kwargs, firstresult)
           ^^^^^^^^^^^^^^^^^^^^^^^^^^^^^^^^^^^^^^^^^^^^^^^^^^^^^^^^^^^^^
  File "/Users/pablo/github/python-binance/.tox/py/lib/python3.12/site-packages/pluggy/_callers.py", line 167, in _multicall
    raise exception
  File "/Users/pablo/github/python-binance/.tox/py/lib/python3.12/site-packages/pluggy/_callers.py", line 121, in _multicall
    res = hook_impl.function(*args)
          ^^^^^^^^^^^^^^^^^^^^^^^^^
  File "/Users/pablo/github/python-binance/.tox/py/lib/python3.12/site-packages/_pytest/main.py", line 336, in pytest_cmdline_main
    return wrap_session(config, _main)
           ^^^^^^^^^^^^^^^^^^^^^^^^^^^
  File "/Users/pablo/github/python-binance/.tox/py/lib/python3.12/site-packages/_pytest/main.py", line 303, in wrap_session
    config.hook.pytest_keyboard_interrupt(excinfo=excinfo)
  File "/Users/pablo/github/python-binance/.tox/py/lib/python3.12/site-packages/pluggy/_hooks.py", line 512, in __call__
    return self._hookexec(self.name, self._hookimpls.copy(), kwargs, firstresult)
           ^^^^^^^^^^^^^^^^^^^^^^^^^^^^^^^^^^^^^^^^^^^^^^^^^^^^^^^^^^^^^^^^^^^^^^
  File "/Users/pablo/github/python-binance/.tox/py/lib/python3.12/site-packages/pluggy/_manager.py", line 120, in _hookexec
    return self._inner_hookexec(hook_name, methods, kwargs, firstresult)
           ^^^^^^^^^^^^^^^^^^^^^^^^^^^^^^^^^^^^^^^^^^^^^^^^^^^^^^^^^^^^^
  File "/Users/pablo/github/python-binance/.tox/py/lib/python3.12/site-packages/pluggy/_callers.py", line 167, in _multicall
    raise exception
  File "/Users/pablo/github/python-binance/.tox/py/lib/python3.12/site-packages/pluggy/_callers.py", line 121, in _multicall
    res = hook_impl.function(*args)
          ^^^^^^^^^^^^^^^^^^^^^^^^^
  File "/Users/pablo/github/python-binance/.tox/py/lib/python3.12/site-packages/_pytest/terminal.py", line 975, in pytest_keyboard_interrupt
    self._keyboardinterrupt_memo = excinfo.getrepr(funcargs=True)
                                   ^^^^^^^^^^^^^^^^^^^^^^^^^^^^^^
  File "/Users/pablo/github/python-binance/.tox/py/lib/python3.12/site-packages/_pytest/_code/code.py", line 766, in getrepr
    return fmt.repr_excinfo(self)
           ^^^^^^^^^^^^^^^^^^^^^^
  File "/Users/pablo/github/python-binance/.tox/py/lib/python3.12/site-packages/_pytest/_code/code.py", line 1202, in repr_excinfo
    reprtraceback = self.repr_traceback(excinfo_)
                    ^^^^^^^^^^^^^^^^^^^^^^^^^^^^^
  File "/Users/pablo/github/python-binance/.tox/py/lib/python3.12/site-packages/_pytest/_code/code.py", line 1135, in repr_traceback
    self.repr_traceback_entry(entry, excinfo if last == entry else None)
  File "/Users/pablo/github/python-binance/.tox/py/lib/python3.12/site-packages/_pytest/_code/code.py", line 1065, in repr_traceback_entry
    source = self._getentrysource(entry)
             ^^^^^^^^^^^^^^^^^^^^^^^^^^^
  File "/Users/pablo/github/python-binance/.tox/py/lib/python3.12/site-packages/_pytest/_code/code.py", line 903, in _getentrysource
    source = entry.getsource(self.astcache)
             ^^^^^^^^^^^^^^^^^^^^^^^^^^^^^^
  File "/Users/pablo/github/python-binance/.tox/py/lib/python3.12/site-packages/_pytest/_code/code.py", line 295, in getsource
    key = self.frame.code.path
          ^^^^^^^^^^^^^^^^^^^^
  File "/Users/pablo/github/python-binance/.tox/py/lib/python3.12/site-packages/_pytest/_code/code.py", line 94, in path
    p = absolutepath(self.raw.co_filename)
        ^^^^^^^^^^^^^^^^^^^^^^^^^^^^^^^^^^
  File "/Users/pablo/github/python-binance/.tox/py/lib/python3.12/site-packages/_pytest/pathlib.py", line 1004, in absolutepath
    return Path(os.path.abspath(path))
                ^^^^^^^^^^^^^^^^^^^^^
  File "<frozen posixpath>", line 411, in abspath
  File "<frozen posixpath>", line 64, in isabs
KeyboardInterrupt
ROOT: send signal SIGTERM(15) to 98584 from 97667 with timeout 0.20
ROOT: interrupt finished with success
.pkg: interrupt tox environment: .pkg
py: exit -2 (5.87 seconds) /Users/pablo/github/python-binance> pytest -n 1 -vvs tests/ --timeout=60 --doctest-modules --cov binance --cov-report term-missing --reruns 3 --reruns-delay 120 pid=98584
  py: FAIL code -2 (17.93=setup[12.06]+cmd[5.87] seconds)
  evaluation failed :( (17.97 seconds)
